#2026 04 22 09:56:21.912#Z#DEBUG#59cafa26-3e31-11f1-8b07-eeee0a9d4f34.employee-crud-app-db-deployer#flowable-async-job-executor-thread-2666#
[PollStageAppStatusExecution] 0c716c4c-51b6-4422-96f2-ce472379c11b [2026-04-22T09:55:42.445574] Added process: "web" (STDOUT, API)#
#2026 04 22 09:56:21.912#Z#DEBUG#59cafa26-3e31-11f1-8b07-eeee0a9d4f34.employee-crud-app-db-deployer#flowable-async-job-executor-thread-2666#
[PollStageAppStatusExecution] 0c716c4c-51b6-4422-96f2-ce472379c11b [2026-04-22T09:55:42.452615] Created app with guid 0c716c4c-51b6-4422-96f2-ce472379c11b (STDOUT, API)#
#2026 04 22 09:56:21.912#Z#DEBUG#59cafa26-3e31-11f1-8b07-eeee0a9d4f34.employee-crud-app-db-deployer#flowable-async-job-executor-thread-2666#
[PollStageAppStatusExecution] 0c716c4c-51b6-4422-96f2-ce472379c11b [2026-04-22T09:55:42.576609] Updating process: "web" (STDOUT, API)#
#2026 04 22 09:56:21.912#Z#DEBUG#59cafa26-3e31-11f1-8b07-eeee0a9d4f34.employee-crud-app-db-deployer#flowable-async-job-executor-thread-2666#
[PollStageAppStatusExecution] 0c716c4c-51b6-4422-96f2-ce472379c11b [2026-04-22T09:55:42.645337] Scaling process: "web" (STDOUT, API)#
#2026 04 22 09:56:21.912#Z#DEBUG#59cafa26-3e31-11f1-8b07-eeee0a9d4f34.employee-crud-app-db-deployer#flowable-async-job-executor-thread-2666#
[PollStageAppStatusExecution] 0c716c4c-51b6-4422-96f2-ce472379c11b [2026-04-22T09:56:02.122652] Uploading app package for app with guid 0c716c4c-51b6-4422-96f2-ce472379c11b (STDOUT, API)#
#2026 04 22 09:56:21.912#Z#DEBUG#59cafa26-3e31-11f1-8b07-eeee0a9d4f34.employee-crud-app-db-deployer#flowable-async-job-executor-thread-2666#
[PollStageAppStatusExecution] 0c716c4c-51b6-4422-96f2-ce472379c11b [2026-04-22T09:56:02.365823] Updated app with guid 0c716c4c-51b6-4422-96f2-ce472379c11b ({"environment_variables"=>"[PRIVATE DATA HIDDEN]"}) (STDOUT, API)#
#2026 04 22 09:56:21.912#Z#DEBUG#59cafa26-3e31-11f1-8b07-eeee0a9d4f34.employee-crud-app-db-deployer#flowable-async-job-executor-thread-2666#
[PollStageAppStatusExecution] 0c716c4c-51b6-4422-96f2-ce472379c11b [2026-04-22T09:56:11.894064] Creating build for app with guid 0c716c4c-51b6-4422-96f2-ce472379c11b (STDOUT, API)#
#2026 04 22 09:56:21.912#Z#DEBUG#59cafa26-3e31-11f1-8b07-eeee0a9d4f34.employee-crud-app-db-deployer#flowable-async-job-executor-thread-2666#
[PollStageAppStatusExecution] 0c716c4c-51b6-4422-96f2-ce472379c11b [2026-04-22T09:56:12.212272] Downloading nodejs_buildpack... (STDOUT, STG)#
#2026 04 22 09:56:21.912#Z#DEBUG#59cafa26-3e31-11f1-8b07-eeee0a9d4f34.employee-crud-app-db-deployer#flowable-async-job-executor-thread-2666#
[PollStageAppStatusExecution] 0c716c4c-51b6-4422-96f2-ce472379c11b [2026-04-22T09:56:12.238410] Downloaded nodejs_buildpack (STDOUT, STG)#
#2026 04 22 09:56:21.912#Z#DEBUG#59cafa26-3e31-11f1-8b07-eeee0a9d4f34.employee-crud-app-db-deployer#flowable-async-job-executor-thread-2666#
[PollStageAppStatusExecution] 0c716c4c-51b6-4422-96f2-ce472379c11b [2026-04-22T09:56:12.238486] Cell 1ea14514-f0fe-461c-9aa9-a53bbe093b00 creating container for instance 772819de-4e83-4914-9fb3-a7db60107595 (STDOUT, STG)#
#2026 04 22 09:56:21.912#Z#DEBUG#59cafa26-3e31-11f1-8b07-eeee0a9d4f34.employee-crud-app-db-deployer#flowable-async-job-executor-thread-2666#
[PollStageAppStatusExecution] 0c716c4c-51b6-4422-96f2-ce472379c11b [2026-04-22T09:56:12.942609] Security group rules were updated (STDOUT, STG)#
#2026 04 22 09:56:21.912#Z#DEBUG#59cafa26-3e31-11f1-8b07-eeee0a9d4f34.employee-crud-app-db-deployer#flowable-async-job-executor-thread-2666#
[PollStageAppStatusExecution] 0c716c4c-51b6-4422-96f2-ce472379c11b [2026-04-22T09:56:13.052254] Cell 1ea14514-f0fe-461c-9aa9-a53bbe093b00 successfully created container for instance 772819de-4e83-4914-9fb3-a7db60107595 (STDOUT, STG)#
#2026 04 22 09:56:21.912#Z#DEBUG#59cafa26-3e31-11f1-8b07-eeee0a9d4f34.employee-crud-app-db-deployer#flowable-async-job-executor-thread-2666#
[PollStageAppStatusExecution] 0c716c4c-51b6-4422-96f2-ce472379c11b [2026-04-22T09:56:14.368824] Downloading app package... (STDOUT, STG)#
#2026 04 22 09:56:21.912#Z#DEBUG#59cafa26-3e31-11f1-8b07-eeee0a9d4f34.employee-crud-app-db-deployer#flowable-async-job-executor-thread-2666#
[PollStageAppStatusExecution] 0c716c4c-51b6-4422-96f2-ce472379c11b [2026-04-22T09:56:14.767998] Downloaded app package (2.3M) (STDOUT, STG)#
#2026 04 22 09:56:21.912#Z#DEBUG#59cafa26-3e31-11f1-8b07-eeee0a9d4f34.employee-crud-app-db-deployer#flowable-async-job-executor-thread-2666#
[PollStageAppStatusExecution] 0c716c4c-51b6-4422-96f2-ce472379c11b [2026-04-22T09:56:14.907684] -----> Nodejs Buildpack version 1.8.44 (STDOUT, STG)#
#2026 04 22 09:56:21.912#Z#DEBUG#59cafa26-3e31-11f1-8b07-eeee0a9d4f34.employee-crud-app-db-deployer#flowable-async-job-executor-thread-2666#
[PollStageAppStatusExecution] 0c716c4c-51b6-4422-96f2-ce472379c11b [2026-04-22T09:56:15.075184] -----> Bootstrapping python (STDOUT, STG)#
#2026 04 22 09:56:21.912#Z#DEBUG#59cafa26-3e31-11f1-8b07-eeee0a9d4f34.employee-crud-app-db-deployer#flowable-async-job-executor-thread-2666#
[PollStageAppStatusExecution] 0c716c4c-51b6-4422-96f2-ce472379c11b [2026-04-22T09:56:15.075213] -----> Installing python 3.11.14 (STDOUT, STG)#
#2026 04 22 09:56:21.912#Z#DEBUG#59cafa26-3e31-11f1-8b07-eeee0a9d4f34.employee-crud-app-db-deployer#flowable-async-job-executor-thread-2666#
[PollStageAppStatusExecution] 0c716c4c-51b6-4422-96f2-ce472379c11b [2026-04-22T09:56:15.075388] Copy [/tmp/buildpacks/ee597f2be8090397/dependencies/b5e0345ae0ae1932e7d56fffaa49a487/python_3.11.14_linux_x64_cflinuxfs4_66f53248.tgz] (STDOUT, STG)#
#2026 04 22 09:56:21.912#Z#DEBUG#59cafa26-3e31-11f1-8b07-eeee0a9d4f34.employee-crud-app-db-deployer#flowable-async-job-executor-thread-2666#
[PollStageAppStatusExecution] 0c716c4c-51b6-4422-96f2-ce472379c11b [2026-04-22T09:56:20.586249] -----> Installing binaries (STDOUT, STG)#
#2026 04 22 09:56:21.912#Z#DEBUG#59cafa26-3e31-11f1-8b07-eeee0a9d4f34.employee-crud-app-db-deployer#flowable-async-job-executor-thread-2666#
[PollStageAppStatusExecution] 0c716c4c-51b6-4422-96f2-ce472379c11b [2026-04-22T09:56:20.586531] engines.node (package.json): >=18 (STDOUT, STG)#
#2026 04 22 09:56:21.912#Z#DEBUG#59cafa26-3e31-11f1-8b07-eeee0a9d4f34.employee-crud-app-db-deployer#flowable-async-job-executor-thread-2666#
[PollStageAppStatusExecution] 0c716c4c-51b6-4422-96f2-ce472379c11b [2026-04-22T09:56:20.586545] engines.npm (package.json): unspecified (use default) (STDOUT, STG)#
#2026 04 22 09:56:21.912#Z#DEBUG#59cafa26-3e31-11f1-8b07-eeee0a9d4f34.employee-crud-app-db-deployer#flowable-async-job-executor-thread-2666#
[PollStageAppStatusExecution] 0c716c4c-51b6-4422-96f2-ce472379c11b [2026-04-22T09:56:20.586552] [31;1m**WARNING**[0m Dangerous semver range (>) in engines.node. See: http://docs.cloudfoundry.org/buildpacks/node/node-tips.html (STDOUT, STG)#
#2026 04 22 09:56:21.912#Z#DEBUG#59cafa26-3e31-11f1-8b07-eeee0a9d4f34.employee-crud-app-db-deployer#flowable-async-job-executor-thread-2666#
[PollStageAppStatusExecution] 0c716c4c-51b6-4422-96f2-ce472379c11b [2026-04-22T09:56:20.586742] -----> Installing node 24.13.0 (STDOUT, STG)#
#2026 04 22 09:56:21.912#Z#DEBUG#59cafa26-3e31-11f1-8b07-eeee0a9d4f34.employee-crud-app-db-deployer#flowable-async-job-executor-thread-2666#
[PollStageAppStatusExecution] 0c716c4c-51b6-4422-96f2-ce472379c11b [2026-04-22T09:56:20.587068] Copy [/tmp/buildpacks/ee597f2be8090397/dependencies/2f5692219fecc3eee6e6d507a6bfe7b9/node_24.13.0_linux_x64_cflinuxfs4_a816dee1.tgz] (STDOUT, STG)#
#2026 04 22 09:56:31.770#Z#DEBUG#59cafa26-3e31-11f1-8b07-eeee0a9d4f34.employee-crud-app-db-deployer#flowable-async-job-executor-thread-2673#
[PollStageAppStatusExecution] 0c716c4c-51b6-4422-96f2-ce472379c11b [2026-04-22T09:56:23.889321] Using default npm version: 11.6.2 (STDOUT, STG)#
#2026 04 22 09:56:31.770#Z#DEBUG#59cafa26-3e31-11f1-8b07-eeee0a9d4f34.employee-crud-app-db-deployer#flowable-async-job-executor-thread-2673#
[PollStageAppStatusExecution] 0c716c4c-51b6-4422-96f2-ce472379c11b [2026-04-22T09:56:23.889341] -----> Installing yarn 1.22.22 (STDOUT, STG)#
#2026 04 22 09:56:31.770#Z#DEBUG#59cafa26-3e31-11f1-8b07-eeee0a9d4f34.employee-crud-app-db-deployer#flowable-async-job-executor-thread-2673#
[PollStageAppStatusExecution] 0c716c4c-51b6-4422-96f2-ce472379c11b [2026-04-22T09:56:23.889560] Copy [/tmp/buildpacks/ee597f2be8090397/dependencies/e3a39aedd1236924d69cc2d0637a8ed2/yarn_1.22.22_linux_noarch_any-stack_4911d0a6.tgz] (STDOUT, STG)#
#2026 04 22 09:56:31.770#Z#DEBUG#59cafa26-3e31-11f1-8b07-eeee0a9d4f34.employee-crud-app-db-deployer#flowable-async-job-executor-thread-2673#
[PollStageAppStatusExecution] 0c716c4c-51b6-4422-96f2-ce472379c11b [2026-04-22T09:56:24.318380] Installed yarn 1.22.22 (STDOUT, STG)#
#2026 04 22 09:56:31.770#Z#DEBUG#59cafa26-3e31-11f1-8b07-eeee0a9d4f34.employee-crud-app-db-deployer#flowable-async-job-executor-thread-2673#
[PollStageAppStatusExecution] 0c716c4c-51b6-4422-96f2-ce472379c11b [2026-04-22T09:56:24.318402] -----> Creating runtime environment (STDOUT, STG)#
#2026 04 22 09:56:31.770#Z#DEBUG#59cafa26-3e31-11f1-8b07-eeee0a9d4f34.employee-crud-app-db-deployer#flowable-async-job-executor-thread-2673#
[PollStageAppStatusExecution] 0c716c4c-51b6-4422-96f2-ce472379c11b [2026-04-22T09:56:24.320533] NODE_ENV=production (STDOUT, STG)#
#2026 04 22 09:56:31.770#Z#DEBUG#59cafa26-3e31-11f1-8b07-eeee0a9d4f34.employee-crud-app-db-deployer#flowable-async-job-executor-thread-2673#
[PollStageAppStatusExecution] 0c716c4c-51b6-4422-96f2-ce472379c11b [2026-04-22T09:56:24.320549] NODE_HOME=/tmp/contents1172015372/deps/0/node (STDOUT, STG)#
#2026 04 22 09:56:31.770#Z#DEBUG#59cafa26-3e31-11f1-8b07-eeee0a9d4f34.employee-crud-app-db-deployer#flowable-async-job-executor-thread-2673#
[PollStageAppStatusExecution] 0c716c4c-51b6-4422-96f2-ce472379c11b [2026-04-22T09:56:24.320553] NODE_MODULES_CACHE=true (STDOUT, STG)#
#2026 04 22 09:56:31.770#Z#DEBUG#59cafa26-3e31-11f1-8b07-eeee0a9d4f34.employee-crud-app-db-deployer#flowable-async-job-executor-thread-2673#
[PollStageAppStatusExecution] 0c716c4c-51b6-4422-96f2-ce472379c11b [2026-04-22T09:56:24.320557] NODE_VERBOSE=false (STDOUT, STG)#
#2026 04 22 09:56:31.770#Z#DEBUG#59cafa26-3e31-11f1-8b07-eeee0a9d4f34.employee-crud-app-db-deployer#flowable-async-job-executor-thread-2673#
[PollStageAppStatusExecution] 0c716c4c-51b6-4422-96f2-ce472379c11b [2026-04-22T09:56:24.320561] NPM_CONFIG_LOGLEVEL=error (STDOUT, STG)#
#2026 04 22 09:56:31.770#Z#DEBUG#59cafa26-3e31-11f1-8b07-eeee0a9d4f34.employee-crud-app-db-deployer#flowable-async-job-executor-thread-2673#
[PollStageAppStatusExecution] 0c716c4c-51b6-4422-96f2-ce472379c11b [2026-04-22T09:56:24.320570] NPM_CONFIG_PRODUCTION=true (STDOUT, STG)#
#2026 04 22 09:56:31.770#Z#DEBUG#59cafa26-3e31-11f1-8b07-eeee0a9d4f34.employee-crud-app-db-deployer#flowable-async-job-executor-thread-2673#
[PollStageAppStatusExecution] 0c716c4c-51b6-4422-96f2-ce472379c11b [2026-04-22T09:56:24.320593] -----> Building dependencies (STDOUT, STG)#
#2026 04 22 09:56:31.770#Z#DEBUG#59cafa26-3e31-11f1-8b07-eeee0a9d4f34.employee-crud-app-db-deployer#flowable-async-job-executor-thread-2673#
[PollStageAppStatusExecution] 0c716c4c-51b6-4422-96f2-ce472379c11b [2026-04-22T09:56:24.320598] Prebuild detected (node_modules already exists) (STDOUT, STG)#
#2026 04 22 09:56:31.770#Z#DEBUG#59cafa26-3e31-11f1-8b07-eeee0a9d4f34.employee-crud-app-db-deployer#flowable-async-job-executor-thread-2673#
[PollStageAppStatusExecution] 0c716c4c-51b6-4422-96f2-ce472379c11b [2026-04-22T09:56:24.320636] Rebuilding any native modules (STDOUT, STG)#
#2026 04 22 09:56:31.770#Z#DEBUG#59cafa26-3e31-11f1-8b07-eeee0a9d4f34.employee-crud-app-db-deployer#flowable-async-job-executor-thread-2673#
[PollStageAppStatusExecution] 0c716c4c-51b6-4422-96f2-ce472379c11b [2026-04-22T09:56:25.000447] rebuilt dependencies successfully (STDOUT, STG)#
#2026 04 22 09:56:31.770#Z#DEBUG#59cafa26-3e31-11f1-8b07-eeee0a9d4f34.employee-crud-app-db-deployer#flowable-async-job-executor-thread-2673#
[PollStageAppStatusExecution] 0c716c4c-51b6-4422-96f2-ce472379c11b [2026-04-22T09:56:25.087233] Installing any new modules (package.json + package-lock.json) (STDOUT, STG)#
#2026 04 22 09:56:31.770#Z#DEBUG#59cafa26-3e31-11f1-8b07-eeee0a9d4f34.employee-crud-app-db-deployer#flowable-async-job-executor-thread-2673#
[PollStageAppStatusExecution] 0c716c4c-51b6-4422-96f2-ce472379c11b [2026-04-22T09:56:25.642813] up to date in 463ms (STDOUT, STG)#
#2026 04 22 09:56:31.770#Z#DEBUG#59cafa26-3e31-11f1-8b07-eeee0a9d4f34.employee-crud-app-db-deployer#flowable-async-job-executor-thread-2673#
[PollStageAppStatusExecution] 0c716c4c-51b6-4422-96f2-ce472379c11b [2026-04-22T09:56:25.643098] 4 packages are looking for funding (STDOUT, STG)#
#2026 04 22 09:56:31.770#Z#DEBUG#59cafa26-3e31-11f1-8b07-eeee0a9d4f34.employee-crud-app-db-deployer#flowable-async-job-executor-thread-2673#
[PollStageAppStatusExecution] 0c716c4c-51b6-4422-96f2-ce472379c11b [2026-04-22T09:56:25.643194] run `npm fund` for details (STDOUT, STG)#
#2026 04 22 09:56:31.770#Z#DEBUG#59cafa26-3e31-11f1-8b07-eeee0a9d4f34.employee-crud-app-db-deployer#flowable-async-job-executor-thread-2673#
[PollStageAppStatusExecution] 0c716c4c-51b6-4422-96f2-ce472379c11b [2026-04-22T09:56:26.294930] Contrast Security no credentials found. Will not write environment files. (STDOUT, STG)#
#2026 04 22 09:56:41.834#Z#DEBUG#59cafa26-3e31-11f1-8b07-eeee0a9d4f34.employee-crud-app-db-deployer#flowable-async-job-executor-thread-2681#
[PollStageAppStatusExecution] 0c716c4c-51b6-4422-96f2-ce472379c11b [2026-04-22T09:56:39.309320] Exit status 0 (STDOUT, STG)#
#2026 04 22 09:56:41.834#Z#DEBUG#59cafa26-3e31-11f1-8b07-eeee0a9d4f34.employee-crud-app-db-deployer#flowable-async-job-executor-thread-2681#
[PollStageAppStatusExecution] 0c716c4c-51b6-4422-96f2-ce472379c11b [2026-04-22T09:56:39.309389] Uploading droplet, build artifacts cache... (STDOUT, STG)#
#2026 04 22 09:56:41.834#Z#DEBUG#59cafa26-3e31-11f1-8b07-eeee0a9d4f34.employee-crud-app-db-deployer#flowable-async-job-executor-thread-2681#
[PollStageAppStatusExecution] 0c716c4c-51b6-4422-96f2-ce472379c11b [2026-04-22T09:56:39.309486] Uploading droplet... (STDOUT, STG)#
#2026 04 22 09:56:41.834#Z#DEBUG#59cafa26-3e31-11f1-8b07-eeee0a9d4f34.employee-crud-app-db-deployer#flowable-async-job-executor-thread-2681#
[PollStageAppStatusExecution] 0c716c4c-51b6-4422-96f2-ce472379c11b [2026-04-22T09:56:39.309500] Uploading build artifacts cache... (STDOUT, STG)#
#2026 04 22 09:56:41.834#Z#DEBUG#59cafa26-3e31-11f1-8b07-eeee0a9d4f34.employee-crud-app-db-deployer#flowable-async-job-executor-thread-2681#
[PollStageAppStatusExecution] 0c716c4c-51b6-4422-96f2-ce472379c11b [2026-04-22T09:56:39.357626] Uploaded build artifacts cache (217B) (STDOUT, STG)#
#2026 04 22 09:56:41.834#Z#DEBUG#59cafa26-3e31-11f1-8b07-eeee0a9d4f34.employee-crud-app-db-deployer#flowable-async-job-executor-thread-2681#
[PollStageAppStatusExecution] 0c716c4c-51b6-4422-96f2-ce472379c11b [2026-04-22T09:56:40.142429] Creating droplet for app with guid 0c716c4c-51b6-4422-96f2-ce472379c11b (STDOUT, API)#
#2026 04 22 09:56:41.834#Z#DEBUG#59cafa26-3e31-11f1-8b07-eeee0a9d4f34.employee-crud-app-db-deployer#flowable-async-job-executor-thread-2681#
[PollStageAppStatusExecution] 0c716c4c-51b6-4422-96f2-ce472379c11b [2026-04-22T09:56:41.234519] Uploaded droplet (58.4M) (STDOUT, STG)#
#2026 04 22 09:56:51.926#Z#DEBUG#59cafa26-3e31-11f1-8b07-eeee0a9d4f34.employee-crud-app-db-deployer#flowable-async-job-executor-thread-967#
[PollStageAppStatusExecution] 0c716c4c-51b6-4422-96f2-ce472379c11b [2026-04-22T09:56:41.260161] Uploading complete (STDOUT, STG)#
#2026 04 22 09:56:51.926#Z#DEBUG#59cafa26-3e31-11f1-8b07-eeee0a9d4f34.employee-crud-app-db-deployer#flowable-async-job-executor-thread-967#
[PollStageAppStatusExecution] 0c716c4c-51b6-4422-96f2-ce472379c11b [2026-04-22T09:56:42.294389] Cell 1ea14514-f0fe-461c-9aa9-a53bbe093b00 stopping instance 772819de-4e83-4914-9fb3-a7db60107595 (STDOUT, STG)#
#2026 04 22 09:56:51.926#Z#DEBUG#59cafa26-3e31-11f1-8b07-eeee0a9d4f34.employee-crud-app-db-deployer#flowable-async-job-executor-thread-967#
[PollStageAppStatusExecution] 0c716c4c-51b6-4422-96f2-ce472379c11b [2026-04-22T09:56:42.294433] Cell 1ea14514-f0fe-461c-9aa9-a53bbe093b00 destroying container for instance 772819de-4e83-4914-9fb3-a7db60107595 (STDOUT, STG)#
#2026 04 22 09:56:51.926#Z#DEBUG#59cafa26-3e31-11f1-8b07-eeee0a9d4f34.employee-crud-app-db-deployer#flowable-async-job-executor-thread-967#
[PollStageAppStatusExecution] 0c716c4c-51b6-4422-96f2-ce472379c11b [2026-04-22T09:56:42.385366] Staging complete for build 772819de-4e83-4914-9fb3-a7db60107595 (STDOUT, API)#
#2026 04 22 09:56:51.926#Z#DEBUG#59cafa26-3e31-11f1-8b07-eeee0a9d4f34.employee-crud-app-db-deployer#flowable-async-job-executor-thread-967#
[PollStageAppStatusExecution] 0c716c4c-51b6-4422-96f2-ce472379c11b [2026-04-22T09:56:45.395026] Cell 1ea14514-f0fe-461c-9aa9-a53bbe093b00 successfully destroyed container for instance 772819de-4e83-4914-9fb3-a7db60107595 (STDOUT, STG)#
#2026 04 22 09:57:02.097#Z#DEBUG#59cafa26-3e31-11f1-8b07-eeee0a9d4f34.employee-crud-app-db-deployer#flowable-async-job-executor-thread-2694#
[PollExecuteTaskStatusExecution] 0c716c4c-51b6-4422-96f2-ce472379c11b [2026-04-22T09:55:42.445574] Added process: "web" (STDOUT, API)#
#2026 04 22 09:57:02.097#Z#DEBUG#59cafa26-3e31-11f1-8b07-eeee0a9d4f34.employee-crud-app-db-deployer#flowable-async-job-executor-thread-2694#
[PollExecuteTaskStatusExecution] 0c716c4c-51b6-4422-96f2-ce472379c11b [2026-04-22T09:55:42.452615] Created app with guid 0c716c4c-51b6-4422-96f2-ce472379c11b (STDOUT, API)#
#2026 04 22 09:57:02.097#Z#DEBUG#59cafa26-3e31-11f1-8b07-eeee0a9d4f34.employee-crud-app-db-deployer#flowable-async-job-executor-thread-2694#
[PollExecuteTaskStatusExecution] 0c716c4c-51b6-4422-96f2-ce472379c11b [2026-04-22T09:55:42.576609] Updating process: "web" (STDOUT, API)#
#2026 04 22 09:57:02.097#Z#DEBUG#59cafa26-3e31-11f1-8b07-eeee0a9d4f34.employee-crud-app-db-deployer#flowable-async-job-executor-thread-2694#
[PollExecuteTaskStatusExecution] 0c716c4c-51b6-4422-96f2-ce472379c11b [2026-04-22T09:55:42.645337] Scaling process: "web" (STDOUT, API)#
#2026 04 22 09:57:02.097#Z#DEBUG#59cafa26-3e31-11f1-8b07-eeee0a9d4f34.employee-crud-app-db-deployer#flowable-async-job-executor-thread-2694#
[PollExecuteTaskStatusExecution] 0c716c4c-51b6-4422-96f2-ce472379c11b [2026-04-22T09:56:02.122652] Uploading app package for app with guid 0c716c4c-51b6-4422-96f2-ce472379c11b (STDOUT, API)#
#2026 04 22 09:57:02.097#Z#DEBUG#59cafa26-3e31-11f1-8b07-eeee0a9d4f34.employee-crud-app-db-deployer#flowable-async-job-executor-thread-2694#
[PollExecuteTaskStatusExecution] 0c716c4c-51b6-4422-96f2-ce472379c11b [2026-04-22T09:56:02.365823] Updated app with guid 0c716c4c-51b6-4422-96f2-ce472379c11b ({"environment_variables"=>"[PRIVATE DATA HIDDEN]"}) (STDOUT, API)#
#2026 04 22 09:57:02.097#Z#DEBUG#59cafa26-3e31-11f1-8b07-eeee0a9d4f34.employee-crud-app-db-deployer#flowable-async-job-executor-thread-2694#
[PollExecuteTaskStatusExecution] 0c716c4c-51b6-4422-96f2-ce472379c11b [2026-04-22T09:56:11.894064] Creating build for app with guid 0c716c4c-51b6-4422-96f2-ce472379c11b (STDOUT, API)#
#2026 04 22 09:57:02.097#Z#DEBUG#59cafa26-3e31-11f1-8b07-eeee0a9d4f34.employee-crud-app-db-deployer#flowable-async-job-executor-thread-2694#
[PollExecuteTaskStatusExecution] 0c716c4c-51b6-4422-96f2-ce472379c11b [2026-04-22T09:56:12.212272] Downloading nodejs_buildpack... (STDOUT, STG)#
#2026 04 22 09:57:02.097#Z#DEBUG#59cafa26-3e31-11f1-8b07-eeee0a9d4f34.employee-crud-app-db-deployer#flowable-async-job-executor-thread-2694#
[PollExecuteTaskStatusExecution] 0c716c4c-51b6-4422-96f2-ce472379c11b [2026-04-22T09:56:12.238410] Downloaded nodejs_buildpack (STDOUT, STG)#
#2026 04 22 09:57:02.097#Z#DEBUG#59cafa26-3e31-11f1-8b07-eeee0a9d4f34.employee-crud-app-db-deployer#flowable-async-job-executor-thread-2694#
[PollExecuteTaskStatusExecution] 0c716c4c-51b6-4422-96f2-ce472379c11b [2026-04-22T09:56:12.238486] Cell 1ea14514-f0fe-461c-9aa9-a53bbe093b00 creating container for instance 772819de-4e83-4914-9fb3-a7db60107595 (STDOUT, STG)#
#2026 04 22 09:57:02.097#Z#DEBUG#59cafa26-3e31-11f1-8b07-eeee0a9d4f34.employee-crud-app-db-deployer#flowable-async-job-executor-thread-2694#
[PollExecuteTaskStatusExecution] 0c716c4c-51b6-4422-96f2-ce472379c11b [2026-04-22T09:56:12.942609] Security group rules were updated (STDOUT, STG)#
#2026 04 22 09:57:02.097#Z#DEBUG#59cafa26-3e31-11f1-8b07-eeee0a9d4f34.employee-crud-app-db-deployer#flowable-async-job-executor-thread-2694#
[PollExecuteTaskStatusExecution] 0c716c4c-51b6-4422-96f2-ce472379c11b [2026-04-22T09:56:13.052254] Cell 1ea14514-f0fe-461c-9aa9-a53bbe093b00 successfully created container for instance 772819de-4e83-4914-9fb3-a7db60107595 (STDOUT, STG)#
#2026 04 22 09:57:02.097#Z#DEBUG#59cafa26-3e31-11f1-8b07-eeee0a9d4f34.employee-crud-app-db-deployer#flowable-async-job-executor-thread-2694#
[PollExecuteTaskStatusExecution] 0c716c4c-51b6-4422-96f2-ce472379c11b [2026-04-22T09:56:14.368824] Downloading app package... (STDOUT, STG)#
#2026 04 22 09:57:02.097#Z#DEBUG#59cafa26-3e31-11f1-8b07-eeee0a9d4f34.employee-crud-app-db-deployer#flowable-async-job-executor-thread-2694#
[PollExecuteTaskStatusExecution] 0c716c4c-51b6-4422-96f2-ce472379c11b [2026-04-22T09:56:14.767998] Downloaded app package (2.3M) (STDOUT, STG)#
#2026 04 22 09:57:02.097#Z#DEBUG#59cafa26-3e31-11f1-8b07-eeee0a9d4f34.employee-crud-app-db-deployer#flowable-async-job-executor-thread-2694#
[PollExecuteTaskStatusExecution] 0c716c4c-51b6-4422-96f2-ce472379c11b [2026-04-22T09:56:14.907684] -----> Nodejs Buildpack version 1.8.44 (STDOUT, STG)#
#2026 04 22 09:57:02.097#Z#DEBUG#59cafa26-3e31-11f1-8b07-eeee0a9d4f34.employee-crud-app-db-deployer#flowable-async-job-executor-thread-2694#
[PollExecuteTaskStatusExecution] 0c716c4c-51b6-4422-96f2-ce472379c11b [2026-04-22T09:56:15.075184] -----> Bootstrapping python (STDOUT, STG)#
#2026 04 22 09:57:02.097#Z#DEBUG#59cafa26-3e31-11f1-8b07-eeee0a9d4f34.employee-crud-app-db-deployer#flowable-async-job-executor-thread-2694#
[PollExecuteTaskStatusExecution] 0c716c4c-51b6-4422-96f2-ce472379c11b [2026-04-22T09:56:15.075213] -----> Installing python 3.11.14 (STDOUT, STG)#
#2026 04 22 09:57:02.097#Z#DEBUG#59cafa26-3e31-11f1-8b07-eeee0a9d4f34.employee-crud-app-db-deployer#flowable-async-job-executor-thread-2694#
[PollExecuteTaskStatusExecution] 0c716c4c-51b6-4422-96f2-ce472379c11b [2026-04-22T09:56:15.075388] Copy [/tmp/buildpacks/ee597f2be8090397/dependencies/b5e0345ae0ae1932e7d56fffaa49a487/python_3.11.14_linux_x64_cflinuxfs4_66f53248.tgz] (STDOUT, STG)#
#2026 04 22 09:57:02.097#Z#DEBUG#59cafa26-3e31-11f1-8b07-eeee0a9d4f34.employee-crud-app-db-deployer#flowable-async-job-executor-thread-2694#
[PollExecuteTaskStatusExecution] 0c716c4c-51b6-4422-96f2-ce472379c11b [2026-04-22T09:56:20.586249] -----> Installing binaries (STDOUT, STG)#
#2026 04 22 09:57:02.097#Z#DEBUG#59cafa26-3e31-11f1-8b07-eeee0a9d4f34.employee-crud-app-db-deployer#flowable-async-job-executor-thread-2694#
[PollExecuteTaskStatusExecution] 0c716c4c-51b6-4422-96f2-ce472379c11b [2026-04-22T09:56:20.586531] engines.node (package.json): >=18 (STDOUT, STG)#
#2026 04 22 09:57:02.097#Z#DEBUG#59cafa26-3e31-11f1-8b07-eeee0a9d4f34.employee-crud-app-db-deployer#flowable-async-job-executor-thread-2694#
[PollExecuteTaskStatusExecution] 0c716c4c-51b6-4422-96f2-ce472379c11b [2026-04-22T09:56:20.586545] engines.npm (package.json): unspecified (use default) (STDOUT, STG)#
#2026 04 22 09:57:02.097#Z#DEBUG#59cafa26-3e31-11f1-8b07-eeee0a9d4f34.employee-crud-app-db-deployer#flowable-async-job-executor-thread-2694#
[PollExecuteTaskStatusExecution] 0c716c4c-51b6-4422-96f2-ce472379c11b [2026-04-22T09:56:20.586552] [31;1m**WARNING**[0m Dangerous semver range (>) in engines.node. See: http://docs.cloudfoundry.org/buildpacks/node/node-tips.html (STDOUT, STG)#
#2026 04 22 09:57:02.097#Z#DEBUG#59cafa26-3e31-11f1-8b07-eeee0a9d4f34.employee-crud-app-db-deployer#flowable-async-job-executor-thread-2694#
[PollExecuteTaskStatusExecution] 0c716c4c-51b6-4422-96f2-ce472379c11b [2026-04-22T09:56:20.586742] -----> Installing node 24.13.0 (STDOUT, STG)#
#2026 04 22 09:57:02.097#Z#DEBUG#59cafa26-3e31-11f1-8b07-eeee0a9d4f34.employee-crud-app-db-deployer#flowable-async-job-executor-thread-2694#
[PollExecuteTaskStatusExecution] 0c716c4c-51b6-4422-96f2-ce472379c11b [2026-04-22T09:56:20.587068] Copy [/tmp/buildpacks/ee597f2be8090397/dependencies/2f5692219fecc3eee6e6d507a6bfe7b9/node_24.13.0_linux_x64_cflinuxfs4_a816dee1.tgz] (STDOUT, STG)#
#2026 04 22 09:57:02.097#Z#DEBUG#59cafa26-3e31-11f1-8b07-eeee0a9d4f34.employee-crud-app-db-deployer#flowable-async-job-executor-thread-2694#
[PollExecuteTaskStatusExecution] 0c716c4c-51b6-4422-96f2-ce472379c11b [2026-04-22T09:56:23.889321] Using default npm version: 11.6.2 (STDOUT, STG)#
#2026 04 22 09:57:02.097#Z#DEBUG#59cafa26-3e31-11f1-8b07-eeee0a9d4f34.employee-crud-app-db-deployer#flowable-async-job-executor-thread-2694#
[PollExecuteTaskStatusExecution] 0c716c4c-51b6-4422-96f2-ce472379c11b [2026-04-22T09:56:23.889341] -----> Installing yarn 1.22.22 (STDOUT, STG)#
#2026 04 22 09:57:02.097#Z#DEBUG#59cafa26-3e31-11f1-8b07-eeee0a9d4f34.employee-crud-app-db-deployer#flowable-async-job-executor-thread-2694#
[PollExecuteTaskStatusExecution] 0c716c4c-51b6-4422-96f2-ce472379c11b [2026-04-22T09:56:23.889560] Copy [/tmp/buildpacks/ee597f2be8090397/dependencies/e3a39aedd1236924d69cc2d0637a8ed2/yarn_1.22.22_linux_noarch_any-stack_4911d0a6.tgz] (STDOUT, STG)#
#2026 04 22 09:57:02.097#Z#DEBUG#59cafa26-3e31-11f1-8b07-eeee0a9d4f34.employee-crud-app-db-deployer#flowable-async-job-executor-thread-2694#
[PollExecuteTaskStatusExecution] 0c716c4c-51b6-4422-96f2-ce472379c11b [2026-04-22T09:56:24.318380] Installed yarn 1.22.22 (STDOUT, STG)#
#2026 04 22 09:57:02.097#Z#DEBUG#59cafa26-3e31-11f1-8b07-eeee0a9d4f34.employee-crud-app-db-deployer#flowable-async-job-executor-thread-2694#
[PollExecuteTaskStatusExecution] 0c716c4c-51b6-4422-96f2-ce472379c11b [2026-04-22T09:56:24.318402] -----> Creating runtime environment (STDOUT, STG)#
#2026 04 22 09:57:02.097#Z#DEBUG#59cafa26-3e31-11f1-8b07-eeee0a9d4f34.employee-crud-app-db-deployer#flowable-async-job-executor-thread-2694#
[PollExecuteTaskStatusExecution] 0c716c4c-51b6-4422-96f2-ce472379c11b [2026-04-22T09:56:24.320533] NODE_ENV=production (STDOUT, STG)#
#2026 04 22 09:57:02.097#Z#DEBUG#59cafa26-3e31-11f1-8b07-eeee0a9d4f34.employee-crud-app-db-deployer#flowable-async-job-executor-thread-2694#
[PollExecuteTaskStatusExecution] 0c716c4c-51b6-4422-96f2-ce472379c11b [2026-04-22T09:56:24.320549] NODE_HOME=/tmp/contents1172015372/deps/0/node (STDOUT, STG)#
#2026 04 22 09:57:02.097#Z#DEBUG#59cafa26-3e31-11f1-8b07-eeee0a9d4f34.employee-crud-app-db-deployer#flowable-async-job-executor-thread-2694#
[PollExecuteTaskStatusExecution] 0c716c4c-51b6-4422-96f2-ce472379c11b [2026-04-22T09:56:24.320553] NODE_MODULES_CACHE=true (STDOUT, STG)#
#2026 04 22 09:57:02.097#Z#DEBUG#59cafa26-3e31-11f1-8b07-eeee0a9d4f34.employee-crud-app-db-deployer#flowable-async-job-executor-thread-2694#
[PollExecuteTaskStatusExecution] 0c716c4c-51b6-4422-96f2-ce472379c11b [2026-04-22T09:56:24.320557] NODE_VERBOSE=false (STDOUT, STG)#
#2026 04 22 09:57:02.097#Z#DEBUG#59cafa26-3e31-11f1-8b07-eeee0a9d4f34.employee-crud-app-db-deployer#flowable-async-job-executor-thread-2694#
[PollExecuteTaskStatusExecution] 0c716c4c-51b6-4422-96f2-ce472379c11b [2026-04-22T09:56:24.320561] NPM_CONFIG_LOGLEVEL=error (STDOUT, STG)#
#2026 04 22 09:57:02.097#Z#DEBUG#59cafa26-3e31-11f1-8b07-eeee0a9d4f34.employee-crud-app-db-deployer#flowable-async-job-executor-thread-2694#
[PollExecuteTaskStatusExecution] 0c716c4c-51b6-4422-96f2-ce472379c11b [2026-04-22T09:56:24.320570] NPM_CONFIG_PRODUCTION=true (STDOUT, STG)#
#2026 04 22 09:57:02.097#Z#DEBUG#59cafa26-3e31-11f1-8b07-eeee0a9d4f34.employee-crud-app-db-deployer#flowable-async-job-executor-thread-2694#
[PollExecuteTaskStatusExecution] 0c716c4c-51b6-4422-96f2-ce472379c11b [2026-04-22T09:56:24.320593] -----> Building dependencies (STDOUT, STG)#
#2026 04 22 09:57:02.097#Z#DEBUG#59cafa26-3e31-11f1-8b07-eeee0a9d4f34.employee-crud-app-db-deployer#flowable-async-job-executor-thread-2694#
[PollExecuteTaskStatusExecution] 0c716c4c-51b6-4422-96f2-ce472379c11b [2026-04-22T09:56:24.320598] Prebuild detected (node_modules already exists) (STDOUT, STG)#
#2026 04 22 09:57:02.097#Z#DEBUG#59cafa26-3e31-11f1-8b07-eeee0a9d4f34.employee-crud-app-db-deployer#flowable-async-job-executor-thread-2694#
[PollExecuteTaskStatusExecution] 0c716c4c-51b6-4422-96f2-ce472379c11b [2026-04-22T09:56:24.320636] Rebuilding any native modules (STDOUT, STG)#
#2026 04 22 09:57:02.097#Z#DEBUG#59cafa26-3e31-11f1-8b07-eeee0a9d4f34.employee-crud-app-db-deployer#flowable-async-job-executor-thread-2694#
[PollExecuteTaskStatusExecution] 0c716c4c-51b6-4422-96f2-ce472379c11b [2026-04-22T09:56:25.000447] rebuilt dependencies successfully (STDOUT, STG)#
#2026 04 22 09:57:02.097#Z#DEBUG#59cafa26-3e31-11f1-8b07-eeee0a9d4f34.employee-crud-app-db-deployer#flowable-async-job-executor-thread-2694#
[PollExecuteTaskStatusExecution] 0c716c4c-51b6-4422-96f2-ce472379c11b [2026-04-22T09:56:25.087233] Installing any new modules (package.json + package-lock.json) (STDOUT, STG)#
#2026 04 22 09:57:02.097#Z#DEBUG#59cafa26-3e31-11f1-8b07-eeee0a9d4f34.employee-crud-app-db-deployer#flowable-async-job-executor-thread-2694#
[PollExecuteTaskStatusExecution] 0c716c4c-51b6-4422-96f2-ce472379c11b [2026-04-22T09:56:25.642813] up to date in 463ms (STDOUT, STG)#
#2026 04 22 09:57:02.097#Z#DEBUG#59cafa26-3e31-11f1-8b07-eeee0a9d4f34.employee-crud-app-db-deployer#flowable-async-job-executor-thread-2694#
[PollExecuteTaskStatusExecution] 0c716c4c-51b6-4422-96f2-ce472379c11b [2026-04-22T09:56:25.643098] 4 packages are looking for funding (STDOUT, STG)#
#2026 04 22 09:57:02.097#Z#DEBUG#59cafa26-3e31-11f1-8b07-eeee0a9d4f34.employee-crud-app-db-deployer#flowable-async-job-executor-thread-2694#
[PollExecuteTaskStatusExecution] 0c716c4c-51b6-4422-96f2-ce472379c11b [2026-04-22T09:56:25.643194] run `npm fund` for details (STDOUT, STG)#
#2026 04 22 09:57:02.097#Z#DEBUG#59cafa26-3e31-11f1-8b07-eeee0a9d4f34.employee-crud-app-db-deployer#flowable-async-job-executor-thread-2694#
[PollExecuteTaskStatusExecution] 0c716c4c-51b6-4422-96f2-ce472379c11b [2026-04-22T09:56:26.294930] Contrast Security no credentials found. Will not write environment files. (STDOUT, STG)#
#2026 04 22 09:57:02.097#Z#DEBUG#59cafa26-3e31-11f1-8b07-eeee0a9d4f34.employee-crud-app-db-deployer#flowable-async-job-executor-thread-2694#
[PollExecuteTaskStatusExecution] 0c716c4c-51b6-4422-96f2-ce472379c11b [2026-04-22T09:56:39.309320] Exit status 0 (STDOUT, STG)#
#2026 04 22 09:57:02.097#Z#DEBUG#59cafa26-3e31-11f1-8b07-eeee0a9d4f34.employee-crud-app-db-deployer#flowable-async-job-executor-thread-2694#
[PollExecuteTaskStatusExecution] 0c716c4c-51b6-4422-96f2-ce472379c11b [2026-04-22T09:56:39.309389] Uploading droplet, build artifacts cache... (STDOUT, STG)#
#2026 04 22 09:57:02.097#Z#DEBUG#59cafa26-3e31-11f1-8b07-eeee0a9d4f34.employee-crud-app-db-deployer#flowable-async-job-executor-thread-2694#
[PollExecuteTaskStatusExecution] 0c716c4c-51b6-4422-96f2-ce472379c11b [2026-04-22T09:56:39.309486] Uploading droplet... (STDOUT, STG)#
#2026 04 22 09:57:02.097#Z#DEBUG#59cafa26-3e31-11f1-8b07-eeee0a9d4f34.employee-crud-app-db-deployer#flowable-async-job-executor-thread-2694#
[PollExecuteTaskStatusExecution] 0c716c4c-51b6-4422-96f2-ce472379c11b [2026-04-22T09:56:39.309500] Uploading build artifacts cache... (STDOUT, STG)#
#2026 04 22 09:57:02.097#Z#DEBUG#59cafa26-3e31-11f1-8b07-eeee0a9d4f34.employee-crud-app-db-deployer#flowable-async-job-executor-thread-2694#
[PollExecuteTaskStatusExecution] 0c716c4c-51b6-4422-96f2-ce472379c11b [2026-04-22T09:56:39.357626] Uploaded build artifacts cache (217B) (STDOUT, STG)#
#2026 04 22 09:57:02.097#Z#DEBUG#59cafa26-3e31-11f1-8b07-eeee0a9d4f34.employee-crud-app-db-deployer#flowable-async-job-executor-thread-2694#
[PollExecuteTaskStatusExecution] 0c716c4c-51b6-4422-96f2-ce472379c11b [2026-04-22T09:56:40.142429] Creating droplet for app with guid 0c716c4c-51b6-4422-96f2-ce472379c11b (STDOUT, API)#
#2026 04 22 09:57:02.097#Z#DEBUG#59cafa26-3e31-11f1-8b07-eeee0a9d4f34.employee-crud-app-db-deployer#flowable-async-job-executor-thread-2694#
[PollExecuteTaskStatusExecution] 0c716c4c-51b6-4422-96f2-ce472379c11b [2026-04-22T09:56:41.234519] Uploaded droplet (58.4M) (STDOUT, STG)#
#2026 04 22 09:57:02.097#Z#DEBUG#59cafa26-3e31-11f1-8b07-eeee0a9d4f34.employee-crud-app-db-deployer#flowable-async-job-executor-thread-2694#
[PollExecuteTaskStatusExecution] 0c716c4c-51b6-4422-96f2-ce472379c11b [2026-04-22T09:56:41.260161] Uploading complete (STDOUT, STG)#
#2026 04 22 09:57:02.097#Z#DEBUG#59cafa26-3e31-11f1-8b07-eeee0a9d4f34.employee-crud-app-db-deployer#flowable-async-job-executor-thread-2694#
[PollExecuteTaskStatusExecution] 0c716c4c-51b6-4422-96f2-ce472379c11b [2026-04-22T09:56:42.294389] Cell 1ea14514-f0fe-461c-9aa9-a53bbe093b00 stopping instance 772819de-4e83-4914-9fb3-a7db60107595 (STDOUT, STG)#
#2026 04 22 09:57:02.097#Z#DEBUG#59cafa26-3e31-11f1-8b07-eeee0a9d4f34.employee-crud-app-db-deployer#flowable-async-job-executor-thread-2694#
[PollExecuteTaskStatusExecution] 0c716c4c-51b6-4422-96f2-ce472379c11b [2026-04-22T09:56:42.294433] Cell 1ea14514-f0fe-461c-9aa9-a53bbe093b00 destroying container for instance 772819de-4e83-4914-9fb3-a7db60107595 (STDOUT, STG)#
#2026 04 22 09:57:02.097#Z#DEBUG#59cafa26-3e31-11f1-8b07-eeee0a9d4f34.employee-crud-app-db-deployer#flowable-async-job-executor-thread-2694#
[PollExecuteTaskStatusExecution] 0c716c4c-51b6-4422-96f2-ce472379c11b [2026-04-22T09:56:42.385366] Staging complete for build 772819de-4e83-4914-9fb3-a7db60107595 (STDOUT, API)#
#2026 04 22 09:57:02.097#Z#DEBUG#59cafa26-3e31-11f1-8b07-eeee0a9d4f34.employee-crud-app-db-deployer#flowable-async-job-executor-thread-2694#
[PollExecuteTaskStatusExecution] 0c716c4c-51b6-4422-96f2-ce472379c11b [2026-04-22T09:56:45.395026] Cell 1ea14514-f0fe-461c-9aa9-a53bbe093b00 successfully destroyed container for instance 772819de-4e83-4914-9fb3-a7db60107595 (STDOUT, STG)#
#2026 04 22 09:57:02.097#Z#DEBUG#59cafa26-3e31-11f1-8b07-eeee0a9d4f34.employee-crud-app-db-deployer#flowable-async-job-executor-thread-2694#
[PollExecuteTaskStatusExecution] 0c716c4c-51b6-4422-96f2-ce472379c11b [2026-04-22T09:56:52.017795] Updated app with guid 0c716c4c-51b6-4422-96f2-ce472379c11b ({:droplet_guid=>"00c1d427-0e09-484d-9206-8bb2a22db014"}) (STDOUT, API)#
#2026 04 22 09:57:02.097#Z#DEBUG#59cafa26-3e31-11f1-8b07-eeee0a9d4f34.employee-crud-app-db-deployer#flowable-async-job-executor-thread-2694#
[PollExecuteTaskStatusExecution] 0c716c4c-51b6-4422-96f2-ce472379c11b [2026-04-22T09:56:52.575542] Cell 1ea14514-f0fe-461c-9aa9-a53bbe093b00 creating container for instance 221e37d1-1212-4bbf-9084-4e893e117e5c (STDOUT, CELL)#
#2026 04 22 09:57:02.097#Z#DEBUG#59cafa26-3e31-11f1-8b07-eeee0a9d4f34.employee-crud-app-db-deployer#flowable-async-job-executor-thread-2694#
[PollExecuteTaskStatusExecution] 0c716c4c-51b6-4422-96f2-ce472379c11b [2026-04-22T09:56:53.271439] Security group rules were updated (STDOUT, CELL)#
#2026 04 22 09:57:02.097#Z#DEBUG#59cafa26-3e31-11f1-8b07-eeee0a9d4f34.employee-crud-app-db-deployer#flowable-async-job-executor-thread-2694#
[PollExecuteTaskStatusExecution] 0c716c4c-51b6-4422-96f2-ce472379c11b [2026-04-22T09:56:53.411662] Cell 1ea14514-f0fe-461c-9aa9-a53bbe093b00 successfully created container for instance 221e37d1-1212-4bbf-9084-4e893e117e5c (STDOUT, CELL)#
#2026 04 22 09:57:02.097#Z#DEBUG#59cafa26-3e31-11f1-8b07-eeee0a9d4f34.employee-crud-app-db-deployer#flowable-async-job-executor-thread-2694#
[PollExecuteTaskStatusExecution] 0c716c4c-51b6-4422-96f2-ce472379c11b [2026-04-22T09:56:59.392500] Invoking pre-start scripts. (STDOUT, APP/TASK/deploy)#
#2026 04 22 09:57:02.097#Z#DEBUG#59cafa26-3e31-11f1-8b07-eeee0a9d4f34.employee-crud-app-db-deployer#flowable-async-job-executor-thread-2694#
[PollExecuteTaskStatusExecution] 0c716c4c-51b6-4422-96f2-ce472379c11b [2026-04-22T09:56:59.662769] Invoking start command. (STDOUT, APP/TASK/deploy)#
#2026 04 22 09:57:02.097#Z#DEBUG#59cafa26-3e31-11f1-8b07-eeee0a9d4f34.employee-crud-app-db-deployer#flowable-async-job-executor-thread-2694#
[PollExecuteTaskStatusExecution] 0c716c4c-51b6-4422-96f2-ce472379c11b [2026-04-22T09:57:00.223709] > start (STDOUT, APP/TASK/deploy)#
#2026 04 22 09:57:02.097#Z#DEBUG#59cafa26-3e31-11f1-8b07-eeee0a9d4f34.employee-crud-app-db-deployer#flowable-async-job-executor-thread-2694#
[PollExecuteTaskStatusExecution] 0c716c4c-51b6-4422-96f2-ce472379c11b [2026-04-22T09:57:00.223731] > node node_modules/@sap/hdi-deploy/deploy.js --use-hdb --parameter com.sap.hana.di.table/try_fast_table_migration=true (STDOUT, APP/TASK/deploy)#
#2026 04 22 09:57:02.097#Z#DEBUG#59cafa26-3e31-11f1-8b07-eeee0a9d4f34.employee-crud-app-db-deployer#flowable-async-job-executor-thread-2694#
[PollExecuteTaskStatusExecution] 0c716c4c-51b6-4422-96f2-ce472379c11b [2026-04-22T09:57:00.422232] VCAP_SERVICES: (STDOUT, APP/TASK/deploy)#
#2026 04 22 09:57:02.097#Z#DEBUG#59cafa26-3e31-11f1-8b07-eeee0a9d4f34.employee-crud-app-db-deployer#flowable-async-job-executor-thread-2694#
[PollExecuteTaskStatusExecution] 0c716c4c-51b6-4422-96f2-ce472379c11b [2026-04-22T09:57:00.422540] { (STDOUT, APP/TASK/deploy)#
#2026 04 22 09:57:02.097#Z#DEBUG#59cafa26-3e31-11f1-8b07-eeee0a9d4f34.employee-crud-app-db-deployer#flowable-async-job-executor-thread-2694#
[PollExecuteTaskStatusExecution] 0c716c4c-51b6-4422-96f2-ce472379c11b [2026-04-22T09:57:00.422554] "hana": [ (STDOUT, APP/TASK/deploy)#
#2026 04 22 09:57:02.097#Z#DEBUG#59cafa26-3e31-11f1-8b07-eeee0a9d4f34.employee-crud-app-db-deployer#flowable-async-job-executor-thread-2694#
[PollExecuteTaskStatusExecution] 0c716c4c-51b6-4422-96f2-ce472379c11b [2026-04-22T09:57:00.422567] { (STDOUT, APP/TASK/deploy)#
#2026 04 22 09:57:02.097#Z#DEBUG#59cafa26-3e31-11f1-8b07-eeee0a9d4f34.employee-crud-app-db-deployer#flowable-async-job-executor-thread-2694#
[PollExecuteTaskStatusExecution] 0c716c4c-51b6-4422-96f2-ce472379c11b [2026-04-22T09:57:00.422572] "name": "employee-crud-app-db", (STDOUT, APP/TASK/deploy)#
#2026 04 22 09:57:02.097#Z#DEBUG#59cafa26-3e31-11f1-8b07-eeee0a9d4f34.employee-crud-app-db-deployer#flowable-async-job-executor-thread-2694#
[PollExecuteTaskStatusExecution] 0c716c4c-51b6-4422-96f2-ce472379c11b [2026-04-22T09:57:00.422576] "label": "hana", (STDOUT, APP/TASK/deploy)#
#2026 04 22 09:57:02.097#Z#DEBUG#59cafa26-3e31-11f1-8b07-eeee0a9d4f34.employee-crud-app-db-deployer#flowable-async-job-executor-thread-2694#
[PollExecuteTaskStatusExecution] 0c716c4c-51b6-4422-96f2-ce472379c11b [2026-04-22T09:57:00.422585] "plan": "hdi-shared", (STDOUT, APP/TASK/deploy)#
#2026 04 22 09:57:02.097#Z#DEBUG#59cafa26-3e31-11f1-8b07-eeee0a9d4f34.employee-crud-app-db-deployer#flowable-async-job-executor-thread-2694#
[PollExecuteTaskStatusExecution] 0c716c4c-51b6-4422-96f2-ce472379c11b [2026-04-22T09:57:00.422588] "credentials": { (STDOUT, APP/TASK/deploy)#
#2026 04 22 09:57:02.097#Z#DEBUG#59cafa26-3e31-11f1-8b07-eeee0a9d4f34.employee-crud-app-db-deployer#flowable-async-job-executor-thread-2694#
[PollExecuteTaskStatusExecution] 0c716c4c-51b6-4422-96f2-ce472379c11b [2026-04-22T09:57:00.422593] "schema": "CF7F896F5A834450956205053CCA762D", (STDOUT, APP/TASK/deploy)#
#2026 04 22 09:57:02.097#Z#DEBUG#59cafa26-3e31-11f1-8b07-eeee0a9d4f34.employee-crud-app-db-deployer#flowable-async-job-executor-thread-2694#
[PollExecuteTaskStatusExecution] 0c716c4c-51b6-4422-96f2-ce472379c11b [2026-04-22T09:57:00.422597] "database_id": "38971a0a-c775-4357-8bdc-97be1b64adfd", (STDOUT, APP/TASK/deploy)#
#2026 04 22 09:57:02.097#Z#DEBUG#59cafa26-3e31-11f1-8b07-eeee0a9d4f34.employee-crud-app-db-deployer#flowable-async-job-executor-thread-2694#
[PollExecuteTaskStatusExecution] 0c716c4c-51b6-4422-96f2-ce472379c11b [2026-04-22T09:57:00.422606] "user": "CF7F896F5A834450956205053CCA762D_B6DTOIXXVCKGFKXU1S8OZ4E8C_RT", (STDOUT, APP/TASK/deploy)#
#2026 04 22 09:57:02.097#Z#DEBUG#59cafa26-3e31-11f1-8b07-eeee0a9d4f34.employee-crud-app-db-deployer#flowable-async-job-executor-thread-2694#
[PollExecuteTaskStatusExecution] 0c716c4c-51b6-4422-96f2-ce472379c11b [2026-04-22T09:57:00.422611] "hdi_user": "CF7F896F5A834450956205053CCA762D_B6DTOIXXVCKGFKXU1S8OZ4E8C_DT" (STDOUT, APP/TASK/deploy)#
#2026 04 22 09:57:02.097#Z#DEBUG#59cafa26-3e31-11f1-8b07-eeee0a9d4f34.employee-crud-app-db-deployer#flowable-async-job-executor-thread-2694#
[PollExecuteTaskStatusExecution] 0c716c4c-51b6-4422-96f2-ce472379c11b [2026-04-22T09:57:00.422614] }, (STDOUT, APP/TASK/deploy)#
#2026 04 22 09:57:02.097#Z#DEBUG#59cafa26-3e31-11f1-8b07-eeee0a9d4f34.employee-crud-app-db-deployer#flowable-async-job-executor-thread-2694#
[PollExecuteTaskStatusExecution] 0c716c4c-51b6-4422-96f2-ce472379c11b [2026-04-22T09:57:00.422618] "tags": [ (STDOUT, APP/TASK/deploy)#
#2026 04 22 09:57:02.097#Z#DEBUG#59cafa26-3e31-11f1-8b07-eeee0a9d4f34.employee-crud-app-db-deployer#flowable-async-job-executor-thread-2694#
[PollExecuteTaskStatusExecution] 0c716c4c-51b6-4422-96f2-ce472379c11b [2026-04-22T09:57:00.422621] "hana", (STDOUT, APP/TASK/deploy)#
#2026 04 22 09:57:02.097#Z#DEBUG#59cafa26-3e31-11f1-8b07-eeee0a9d4f34.employee-crud-app-db-deployer#flowable-async-job-executor-thread-2694#
[PollExecuteTaskStatusExecution] 0c716c4c-51b6-4422-96f2-ce472379c11b [2026-04-22T09:57:00.422624] "database", (STDOUT, APP/TASK/deploy)#
#2026 04 22 09:57:02.097#Z#DEBUG#59cafa26-3e31-11f1-8b07-eeee0a9d4f34.employee-crud-app-db-deployer#flowable-async-job-executor-thread-2694#
[PollExecuteTaskStatusExecution] 0c716c4c-51b6-4422-96f2-ce472379c11b [2026-04-22T09:57:00.422627] "relational" (STDOUT, APP/TASK/deploy)#
#2026 04 22 09:57:02.097#Z#DEBUG#59cafa26-3e31-11f1-8b07-eeee0a9d4f34.employee-crud-app-db-deployer#flowable-async-job-executor-thread-2694#
[PollExecuteTaskStatusExecution] 0c716c4c-51b6-4422-96f2-ce472379c11b [2026-04-22T09:57:00.422636] ] (STDOUT, APP/TASK/deploy)#
#2026 04 22 09:57:02.097#Z#DEBUG#59cafa26-3e31-11f1-8b07-eeee0a9d4f34.employee-crud-app-db-deployer#flowable-async-job-executor-thread-2694#
[PollExecuteTaskStatusExecution] 0c716c4c-51b6-4422-96f2-ce472379c11b [2026-04-22T09:57:00.422640] } (STDOUT, APP/TASK/deploy)#
#2026 04 22 09:57:02.097#Z#DEBUG#59cafa26-3e31-11f1-8b07-eeee0a9d4f34.employee-crud-app-db-deployer#flowable-async-job-executor-thread-2694#
[PollExecuteTaskStatusExecution] 0c716c4c-51b6-4422-96f2-ce472379c11b [2026-04-22T09:57:00.422643] ] (STDOUT, APP/TASK/deploy)#
#2026 04 22 09:57:02.097#Z#DEBUG#59cafa26-3e31-11f1-8b07-eeee0a9d4f34.employee-crud-app-db-deployer#flowable-async-job-executor-thread-2694#
[PollExecuteTaskStatusExecution] 0c716c4c-51b6-4422-96f2-ce472379c11b [2026-04-22T09:57:00.422649] } (STDOUT, APP/TASK/deploy)#
#2026 04 22 09:57:02.097#Z#DEBUG#59cafa26-3e31-11f1-8b07-eeee0a9d4f34.employee-crud-app-db-deployer#flowable-async-job-executor-thread-2694#
[PollExecuteTaskStatusExecution] 0c716c4c-51b6-4422-96f2-ce472379c11b [2026-04-22T09:57:00.968024] @sap/hdi-deploy, version 5.6.1 (mode default), server version 4.00.000.00.1776257624 (4.0.0.0), cloud version 2026.2.10, node version 24.13.0, HDI version 1016, container API version 1007 (STDOUT, APP/TASK/deploy)#
#2026 04 22 09:57:02.097#Z#DEBUG#59cafa26-3e31-11f1-8b07-eeee0a9d4f34.employee-crud-app-db-deployer#flowable-async-job-executor-thread-2694#
[PollExecuteTaskStatusExecution] 0c716c4c-51b6-4422-96f2-ce472379c11b [2026-04-22T09:57:00.968442] Deployment started at 2026-04-22 09:57:00 (STDOUT, APP/TASK/deploy)#
#2026 04 22 09:57:02.097#Z#DEBUG#59cafa26-3e31-11f1-8b07-eeee0a9d4f34.employee-crud-app-db-deployer#flowable-async-job-executor-thread-2694#
[PollExecuteTaskStatusExecution] 0c716c4c-51b6-4422-96f2-ce472379c11b [2026-04-22T09:57:00.968807] Using hdb@2.27.1 for connection (STDOUT, APP/TASK/deploy)#
#2026 04 22 09:57:02.097#Z#DEBUG#59cafa26-3e31-11f1-8b07-eeee0a9d4f34.employee-crud-app-db-deployer#flowable-async-job-executor-thread-2694#
[PollExecuteTaskStatusExecution] 0c716c4c-51b6-4422-96f2-ce472379c11b [2026-04-22T09:57:00.992392] No ignore file at /home/vcap/app/.hdiignore. (STDOUT, APP/TASK/deploy)#
#2026 04 22 09:57:02.097#Z#DEBUG#59cafa26-3e31-11f1-8b07-eeee0a9d4f34.employee-crud-app-db-deployer#flowable-async-job-executor-thread-2694#
[PollExecuteTaskStatusExecution] 0c716c4c-51b6-4422-96f2-ce472379c11b [2026-04-22T09:57:00.992799] Collecting files... (STDOUT, APP/TASK/deploy)#
#2026 04 22 09:57:02.097#Z#DEBUG#59cafa26-3e31-11f1-8b07-eeee0a9d4f34.employee-crud-app-db-deployer#flowable-async-job-executor-thread-2694#
[PollExecuteTaskStatusExecution] 0c716c4c-51b6-4422-96f2-ce472379c11b [2026-04-22T09:57:00.996585] Collecting files... ok (0s 4ms) (STDOUT, APP/TASK/deploy)#
#2026 04 22 09:57:02.097#Z#DEBUG#59cafa26-3e31-11f1-8b07-eeee0a9d4f34.employee-crud-app-db-deployer#flowable-async-job-executor-thread-2694#
[PollExecuteTaskStatusExecution] 0c716c4c-51b6-4422-96f2-ce472379c11b [2026-04-22T09:57:00.996599] 2 directories collected (STDOUT, APP/TASK/deploy)#
#2026 04 22 09:57:02.097#Z#DEBUG#59cafa26-3e31-11f1-8b07-eeee0a9d4f34.employee-crud-app-db-deployer#flowable-async-job-executor-thread-2694#
[PollExecuteTaskStatusExecution] 0c716c4c-51b6-4422-96f2-ce472379c11b [2026-04-22T09:57:00.996603] 8 files collected (STDOUT, APP/TASK/deploy)#
#2026 04 22 09:57:02.097#Z#DEBUG#59cafa26-3e31-11f1-8b07-eeee0a9d4f34.employee-crud-app-db-deployer#flowable-async-job-executor-thread-2694#
[PollExecuteTaskStatusExecution] 0c716c4c-51b6-4422-96f2-ce472379c11b [2026-04-22T09:57:00.996606] 0 reusable modules collected (STDOUT, APP/TASK/deploy)#
#2026 04 22 09:57:02.097#Z#DEBUG#59cafa26-3e31-11f1-8b07-eeee0a9d4f34.employee-crud-app-db-deployer#flowable-async-job-executor-thread-2694#
[PollExecuteTaskStatusExecution] 0c716c4c-51b6-4422-96f2-ce472379c11b [2026-04-22T09:57:00.996610] Target service: employee-crud-app-db (STDOUT, APP/TASK/deploy)#
#2026 04 22 09:57:02.097#Z#DEBUG#59cafa26-3e31-11f1-8b07-eeee0a9d4f34.employee-crud-app-db-deployer#flowable-async-job-executor-thread-2694#
[PollExecuteTaskStatusExecution] 0c716c4c-51b6-4422-96f2-ce472379c11b [2026-04-22T09:57:01.180918] Previous build with request ID 34 finished at 2026-04-22T07:10:05.024 with status Rolled back and message: Starting make in the container "CF7F896F5A834450956205053CCA762D" with 0 files to deploy, 0 files to undeploy... ok. (STDOUT, APP/TASK/deploy)#
#2026 04 22 09:57:02.097#Z#DEBUG#59cafa26-3e31-11f1-8b07-eeee0a9d4f34.employee-crud-app-db-deployer#flowable-async-job-executor-thread-2694#
[PollExecuteTaskStatusExecution] 0c716c4c-51b6-4422-96f2-ce472379c11b [2026-04-22T09:57:01.181203] Processing revoke files... (STDOUT, APP/TASK/deploy)#
#2026 04 22 09:57:02.097#Z#DEBUG#59cafa26-3e31-11f1-8b07-eeee0a9d4f34.employee-crud-app-db-deployer#flowable-async-job-executor-thread-2694#
[PollExecuteTaskStatusExecution] 0c716c4c-51b6-4422-96f2-ce472379c11b [2026-04-22T09:57:01.181227] Processing revoke files... ok (0s 0ms) (STDOUT, APP/TASK/deploy)#
#2026 04 22 09:57:02.097#Z#DEBUG#59cafa26-3e31-11f1-8b07-eeee0a9d4f34.employee-crud-app-db-deployer#flowable-async-job-executor-thread-2694#
[PollExecuteTaskStatusExecution] 0c716c4c-51b6-4422-96f2-ce472379c11b [2026-04-22T09:57:01.181375] Processing grants files... (STDOUT, APP/TASK/deploy)#
#2026 04 22 09:57:02.097#Z#DEBUG#59cafa26-3e31-11f1-8b07-eeee0a9d4f34.employee-crud-app-db-deployer#flowable-async-job-executor-thread-2694#
[PollExecuteTaskStatusExecution] 0c716c4c-51b6-4422-96f2-ce472379c11b [2026-04-22T09:57:01.181400] Processing grants files... ok (0s 0ms) (STDOUT, APP/TASK/deploy)#
#2026 04 22 09:57:02.097#Z#DEBUG#59cafa26-3e31-11f1-8b07-eeee0a9d4f34.employee-crud-app-db-deployer#flowable-async-job-executor-thread-2694#
[PollExecuteTaskStatusExecution] 0c716c4c-51b6-4422-96f2-ce472379c11b [2026-04-22T09:57:01.184540] Preprocessing files... (STDOUT, APP/TASK/deploy)#
#2026 04 22 09:57:02.097#Z#DEBUG#59cafa26-3e31-11f1-8b07-eeee0a9d4f34.employee-crud-app-db-deployer#flowable-async-job-executor-thread-2694#
[PollExecuteTaskStatusExecution] 0c716c4c-51b6-4422-96f2-ce472379c11b [2026-04-22T09:57:01.184914] Preprocessing files... ok (0s 0ms) (STDOUT, APP/TASK/deploy)#
#2026 04 22 09:57:02.097#Z#DEBUG#59cafa26-3e31-11f1-8b07-eeee0a9d4f34.employee-crud-app-db-deployer#flowable-async-job-executor-thread-2694#
[PollExecuteTaskStatusExecution] 0c716c4c-51b6-4422-96f2-ce472379c11b [2026-04-22T09:57:01.185024] Connecting to the container "CF7F896F5A834450956205053CCA762D"... (STDOUT, APP/TASK/deploy)#
#2026 04 22 09:57:02.097#Z#DEBUG#59cafa26-3e31-11f1-8b07-eeee0a9d4f34.employee-crud-app-db-deployer#flowable-async-job-executor-thread-2694#
[PollExecuteTaskStatusExecution] 0c716c4c-51b6-4422-96f2-ce472379c11b [2026-04-22T09:57:01.262] Connecting to the container "CF7F896F5A834450956205053CCA762D"... ok (0s 77ms) (STDOUT, APP/TASK/deploy)#
#2026 04 22 09:57:02.097#Z#DEBUG#59cafa26-3e31-11f1-8b07-eeee0a9d4f34.employee-crud-app-db-deployer#flowable-async-job-executor-thread-2694#
[PollExecuteTaskStatusExecution] 0c716c4c-51b6-4422-96f2-ce472379c11b [2026-04-22T09:57:01.262040] Locking the container "CF7F896F5A834450956205053CCA762D"... (STDOUT, APP/TASK/deploy)#
#2026 04 22 09:57:02.097#Z#DEBUG#59cafa26-3e31-11f1-8b07-eeee0a9d4f34.employee-crud-app-db-deployer#flowable-async-job-executor-thread-2694#
[PollExecuteTaskStatusExecution] 0c716c4c-51b6-4422-96f2-ce472379c11b [2026-04-22T09:57:01.520705] Locking the container "CF7F896F5A834450956205053CCA762D"... ok (0s 259ms) (STDOUT, APP/TASK/deploy)#
#2026 04 22 09:57:02.097#Z#DEBUG#59cafa26-3e31-11f1-8b07-eeee0a9d4f34.employee-crud-app-db-deployer#flowable-async-job-executor-thread-2694#
[PollExecuteTaskStatusExecution] 0c716c4c-51b6-4422-96f2-ce472379c11b [2026-04-22T09:57:01.520720] Synchronizing files with the container "CF7F896F5A834450956205053CCA762D"... (STDOUT, APP/TASK/deploy)#
#2026 04 22 09:57:02.097#Z#DEBUG#59cafa26-3e31-11f1-8b07-eeee0a9d4f34.employee-crud-app-db-deployer#flowable-async-job-executor-thread-2694#
[PollExecuteTaskStatusExecution] 0c716c4c-51b6-4422-96f2-ce472379c11b [2026-04-22T09:57:01.822966] Deleting files... (STDOUT, APP/TASK/deploy)#
#2026 04 22 09:57:12.268#Z#DEBUG#59cafa26-3e31-11f1-8b07-eeee0a9d4f34.employee-crud-app-db-deployer#flowable-async-job-executor-thread-2700#
[PollExecuteTaskStatusExecution] 0c716c4c-51b6-4422-96f2-ce472379c11b [2026-04-22T09:57:02.002636] Deleting files... ok (STDOUT, APP/TASK/deploy)#
#2026 04 22 09:57:12.268#Z#DEBUG#59cafa26-3e31-11f1-8b07-eeee0a9d4f34.employee-crud-app-db-deployer#flowable-async-job-executor-thread-2700#
[PollExecuteTaskStatusExecution] 0c716c4c-51b6-4422-96f2-ce472379c11b [2026-04-22T09:57:02.002777] Writing files... (STDOUT, APP/TASK/deploy)#
#2026 04 22 09:57:12.268#Z#DEBUG#59cafa26-3e31-11f1-8b07-eeee0a9d4f34.employee-crud-app-db-deployer#flowable-async-job-executor-thread-2700#
[PollExecuteTaskStatusExecution] 0c716c4c-51b6-4422-96f2-ce472379c11b [2026-04-22T09:57:02.002990] Writing 2 items (STDOUT, APP/TASK/deploy)#
#2026 04 22 09:57:12.268#Z#DEBUG#59cafa26-3e31-11f1-8b07-eeee0a9d4f34.employee-crud-app-db-deployer#flowable-async-job-executor-thread-2700#
[PollExecuteTaskStatusExecution] 0c716c4c-51b6-4422-96f2-ce472379c11b [2026-04-22T09:57:02.193759] Writing files... ok (STDOUT, APP/TASK/deploy)#
#2026 04 22 09:57:12.268#Z#DEBUG#59cafa26-3e31-11f1-8b07-eeee0a9d4f34.employee-crud-app-db-deployer#flowable-async-job-executor-thread-2700#
[PollExecuteTaskStatusExecution] 0c716c4c-51b6-4422-96f2-ce472379c11b [2026-04-22T09:57:02.193893] Synchronizing files with the container "CF7F896F5A834450956205053CCA762D"... ok (0s 673ms) (STDOUT, APP/TASK/deploy)#
#2026 04 22 09:57:12.268#Z#DEBUG#59cafa26-3e31-11f1-8b07-eeee0a9d4f34.employee-crud-app-db-deployer#flowable-async-job-executor-thread-2700#
[PollExecuteTaskStatusExecution] 0c716c4c-51b6-4422-96f2-ce472379c11b [2026-04-22T09:57:02.194349] added files: [] (STDOUT, APP/TASK/deploy)#
#2026 04 22 09:57:12.268#Z#DEBUG#59cafa26-3e31-11f1-8b07-eeee0a9d4f34.employee-crud-app-db-deployer#flowable-async-job-executor-thread-2700#
[PollExecuteTaskStatusExecution] 0c716c4c-51b6-4422-96f2-ce472379c11b [2026-04-22T09:57:02.194413] modified files: [] (STDOUT, APP/TASK/deploy)#
#2026 04 22 09:57:12.268#Z#DEBUG#59cafa26-3e31-11f1-8b07-eeee0a9d4f34.employee-crud-app-db-deployer#flowable-async-job-executor-thread-2700#
[PollExecuteTaskStatusExecution] 0c716c4c-51b6-4422-96f2-ce472379c11b [2026-04-22T09:57:02.194583] Undeploy allowlist file "undeploy.json" found; deleted files will be filtered by the allowlist (STDOUT, APP/TASK/deploy)#
#2026 04 22 09:57:12.268#Z#DEBUG#59cafa26-3e31-11f1-8b07-eeee0a9d4f34.employee-crud-app-db-deployer#flowable-async-job-executor-thread-2700#
[PollExecuteTaskStatusExecution] 0c716c4c-51b6-4422-96f2-ce472379c11b [2026-04-22T09:57:02.195315] 1 deleted files are scheduled for undeploy before filtering it by undeploy allowlist (STDOUT, APP/TASK/deploy)#
#2026 04 22 09:57:12.268#Z#DEBUG#59cafa26-3e31-11f1-8b07-eeee0a9d4f34.employee-crud-app-db-deployer#flowable-async-job-executor-thread-2700#
[PollExecuteTaskStatusExecution] 0c716c4c-51b6-4422-96f2-ce472379c11b [2026-04-22T09:57:02.195396] deleted files before filtering it by the undeploy allowlist: [ (STDOUT, APP/TASK/deploy)#
#2026 04 22 09:57:12.268#Z#DEBUG#59cafa26-3e31-11f1-8b07-eeee0a9d4f34.employee-crud-app-db-deployer#flowable-async-job-executor-thread-2700#
[PollExecuteTaskStatusExecution] 0c716c4c-51b6-4422-96f2-ce472379c11b [2026-04-22T09:57:02.195410] "src/gen/employee.db.Employee.hdbtable" (STDOUT, APP/TASK/deploy)#
#2026 04 22 09:57:12.268#Z#DEBUG#59cafa26-3e31-11f1-8b07-eeee0a9d4f34.employee-crud-app-db-deployer#flowable-async-job-executor-thread-2700#
[PollExecuteTaskStatusExecution] 0c716c4c-51b6-4422-96f2-ce472379c11b [2026-04-22T09:57:02.195414] ] (STDOUT, APP/TASK/deploy)#
#2026 04 22 09:57:12.268#Z#DEBUG#59cafa26-3e31-11f1-8b07-eeee0a9d4f34.employee-crud-app-db-deployer#flowable-async-job-executor-thread-2700#
[PollExecuteTaskStatusExecution] 0c716c4c-51b6-4422-96f2-ce472379c11b [2026-04-22T09:57:02.199879] deleted files: [] (STDOUT, APP/TASK/deploy)#
#2026 04 22 09:57:12.268#Z#DEBUG#59cafa26-3e31-11f1-8b07-eeee0a9d4f34.employee-crud-app-db-deployer#flowable-async-job-executor-thread-2700#
[PollExecuteTaskStatusExecution] 0c716c4c-51b6-4422-96f2-ce472379c11b [2026-04-22T09:57:02.200115] WARNING: deleted files not in undeploy.json: [ (STDOUT, APP/TASK/deploy)#
#2026 04 22 09:57:12.268#Z#DEBUG#59cafa26-3e31-11f1-8b07-eeee0a9d4f34.employee-crud-app-db-deployer#flowable-async-job-executor-thread-2700#
[PollExecuteTaskStatusExecution] 0c716c4c-51b6-4422-96f2-ce472379c11b [2026-04-22T09:57:02.200141] "src/gen/employee.db.Employee.hdbtable" (STDOUT, APP/TASK/deploy)#
#2026 04 22 09:57:12.268#Z#DEBUG#59cafa26-3e31-11f1-8b07-eeee0a9d4f34.employee-crud-app-db-deployer#flowable-async-job-executor-thread-2700#
[PollExecuteTaskStatusExecution] 0c716c4c-51b6-4422-96f2-ce472379c11b [2026-04-22T09:57:02.200147] ] (STDOUT, APP/TASK/deploy)#
#2026 04 22 09:57:12.268#Z#DEBUG#59cafa26-3e31-11f1-8b07-eeee0a9d4f34.employee-crud-app-db-deployer#flowable-async-job-executor-thread-2700#
[PollExecuteTaskStatusExecution] 0c716c4c-51b6-4422-96f2-ce472379c11b [2026-04-22T09:57:02.200309] 0 modified or added files are scheduled for deploy based on delta detection (STDOUT, APP/TASK/deploy)#
#2026 04 22 09:57:12.268#Z#DEBUG#59cafa26-3e31-11f1-8b07-eeee0a9d4f34.employee-crud-app-db-deployer#flowable-async-job-executor-thread-2700#
[PollExecuteTaskStatusExecution] 0c716c4c-51b6-4422-96f2-ce472379c11b [2026-04-22T09:57:02.200621] 0 deleted files are scheduled for undeploy based on delta detection (filtered by undeploy allowlist) (STDOUT, APP/TASK/deploy)#
#2026 04 22 09:57:12.268#Z#DEBUG#59cafa26-3e31-11f1-8b07-eeee0a9d4f34.employee-crud-app-db-deployer#flowable-async-job-executor-thread-2700#
[PollExecuteTaskStatusExecution] 0c716c4c-51b6-4422-96f2-ce472379c11b [2026-04-22T09:57:02.200763] 0 files are scheduled for deploy based on explicit specification (STDOUT, APP/TASK/deploy)#
#2026 04 22 09:57:12.268#Z#DEBUG#59cafa26-3e31-11f1-8b07-eeee0a9d4f34.employee-crud-app-db-deployer#flowable-async-job-executor-thread-2700#
[PollExecuteTaskStatusExecution] 0c716c4c-51b6-4422-96f2-ce472379c11b [2026-04-22T09:57:02.200825] 0 files are scheduled for undeploy based on explicit specification (STDOUT, APP/TASK/deploy)#
#2026 04 22 09:57:12.268#Z#DEBUG#59cafa26-3e31-11f1-8b07-eeee0a9d4f34.employee-crud-app-db-deployer#flowable-async-job-executor-thread-2700#
[PollExecuteTaskStatusExecution] 0c716c4c-51b6-4422-96f2-ce472379c11b [2026-04-22T09:57:02.201045] Deploying to the container "CF7F896F5A834450956205053CCA762D"... (STDOUT, APP/TASK/deploy)#
#2026 04 22 09:57:12.268#Z#DEBUG#59cafa26-3e31-11f1-8b07-eeee0a9d4f34.employee-crud-app-db-deployer#flowable-async-job-executor-thread-2700#
[PollExecuteTaskStatusExecution] 0c716c4c-51b6-4422-96f2-ce472379c11b [2026-04-22T09:57:02.812251] Polling messages for request id: 43 (STDOUT, APP/TASK/deploy)#
#2026 04 22 09:57:12.268#Z#DEBUG#59cafa26-3e31-11f1-8b07-eeee0a9d4f34.employee-crud-app-db-deployer#flowable-async-job-executor-thread-2700#
[PollExecuteTaskStatusExecution] 0c716c4c-51b6-4422-96f2-ce472379c11b [2026-04-22T09:57:02.858299] Starting make in the container "CF7F896F5A834450956205053CCA762D" with 0 files to deploy, 0 files to undeploy... (STDOUT, APP/TASK/deploy)#
#2026 04 22 09:57:12.268#Z#DEBUG#59cafa26-3e31-11f1-8b07-eeee0a9d4f34.employee-crud-app-db-deployer#flowable-async-job-executor-thread-2700#
[PollExecuteTaskStatusExecution] 0c716c4c-51b6-4422-96f2-ce472379c11b [2026-04-22T09:57:02.858333] Disabling table replication for the container schema "CF7F896F5A834450956205053CCA762D"... (STDOUT, APP/TASK/deploy)#
#2026 04 22 09:57:12.268#Z#DEBUG#59cafa26-3e31-11f1-8b07-eeee0a9d4f34.employee-crud-app-db-deployer#flowable-async-job-executor-thread-2700#
[PollExecuteTaskStatusExecution] 0c716c4c-51b6-4422-96f2-ce472379c11b [2026-04-22T09:57:02.858357] Disabling table replication for the container schema "CF7F896F5A834450956205053CCA762D"... ok (0s 18ms) (STDOUT, APP/TASK/deploy)#
#2026 04 22 09:57:12.268#Z#DEBUG#59cafa26-3e31-11f1-8b07-eeee0a9d4f34.employee-crud-app-db-deployer#flowable-async-job-executor-thread-2700#
[PollExecuteTaskStatusExecution] 0c716c4c-51b6-4422-96f2-ce472379c11b [2026-04-22T09:57:02.858523] Migrating libraries... (STDOUT, APP/TASK/deploy)#
#2026 04 22 09:57:12.268#Z#DEBUG#59cafa26-3e31-11f1-8b07-eeee0a9d4f34.employee-crud-app-db-deployer#flowable-async-job-executor-thread-2700#
[PollExecuteTaskStatusExecution] 0c716c4c-51b6-4422-96f2-ce472379c11b [2026-04-22T09:57:02.858563] Migrating libraries... ok (0s 48ms) (STDOUT, APP/TASK/deploy)#
#2026 04 22 09:57:12.268#Z#DEBUG#59cafa26-3e31-11f1-8b07-eeee0a9d4f34.employee-crud-app-db-deployer#flowable-async-job-executor-thread-2700#
[PollExecuteTaskStatusExecution] 0c716c4c-51b6-4422-96f2-ce472379c11b [2026-04-22T09:57:02.858690] Making... (STDOUT, APP/TASK/deploy)#
#2026 04 22 09:57:12.268#Z#DEBUG#59cafa26-3e31-11f1-8b07-eeee0a9d4f34.employee-crud-app-db-deployer#flowable-async-job-executor-thread-2700#
[PollExecuteTaskStatusExecution] 0c716c4c-51b6-4422-96f2-ce472379c11b [2026-04-22T09:57:02.858751] Preparing... (STDOUT, APP/TASK/deploy)#
#2026 04 22 09:57:12.268#Z#DEBUG#59cafa26-3e31-11f1-8b07-eeee0a9d4f34.employee-crud-app-db-deployer#flowable-async-job-executor-thread-2700#
[PollExecuteTaskStatusExecution] 0c716c4c-51b6-4422-96f2-ce472379c11b [2026-04-22T09:57:02.858776] Preparing... ok (0s 0ms) (STDOUT, APP/TASK/deploy)#
#2026 04 22 09:57:12.268#Z#DEBUG#59cafa26-3e31-11f1-8b07-eeee0a9d4f34.employee-crud-app-db-deployer#flowable-async-job-executor-thread-2700#
[PollExecuteTaskStatusExecution] 0c716c4c-51b6-4422-96f2-ce472379c11b [2026-04-22T09:57:02.858866] Preparing the make transaction... (STDOUT, APP/TASK/deploy)#
#2026 04 22 09:57:12.268#Z#DEBUG#59cafa26-3e31-11f1-8b07-eeee0a9d4f34.employee-crud-app-db-deployer#flowable-async-job-executor-thread-2700#
[PollExecuteTaskStatusExecution] 0c716c4c-51b6-4422-96f2-ce472379c11b [2026-04-22T09:57:03.049681] Preparing the make transaction... ok (0s 456ms) (STDOUT, APP/TASK/deploy)#
#2026 04 22 09:57:12.268#Z#DEBUG#59cafa26-3e31-11f1-8b07-eeee0a9d4f34.employee-crud-app-db-deployer#flowable-async-job-executor-thread-2700#
[PollExecuteTaskStatusExecution] 0c716c4c-51b6-4422-96f2-ce472379c11b [2026-04-22T09:57:03.049711] Calculating dependencies... (STDOUT, APP/TASK/deploy)#
#2026 04 22 09:57:12.268#Z#DEBUG#59cafa26-3e31-11f1-8b07-eeee0a9d4f34.employee-crud-app-db-deployer#flowable-async-job-executor-thread-2700#
[PollExecuteTaskStatusExecution] 0c716c4c-51b6-4422-96f2-ce472379c11b [2026-04-22T09:57:03.049737] Expanding... (STDOUT, APP/TASK/deploy)#
#2026 04 22 09:57:12.268#Z#DEBUG#59cafa26-3e31-11f1-8b07-eeee0a9d4f34.employee-crud-app-db-deployer#flowable-async-job-executor-thread-2700#
[PollExecuteTaskStatusExecution] 0c716c4c-51b6-4422-96f2-ce472379c11b [2026-04-22T09:57:03.049742] Expanding... ok (0s 22ms) (STDOUT, APP/TASK/deploy)#
#2026 04 22 09:57:12.268#Z#DEBUG#59cafa26-3e31-11f1-8b07-eeee0a9d4f34.employee-crud-app-db-deployer#flowable-async-job-executor-thread-2700#
[PollExecuteTaskStatusExecution] 0c716c4c-51b6-4422-96f2-ce472379c11b [2026-04-22T09:57:03.049745] Precompiling... (STDOUT, APP/TASK/deploy)#
#2026 04 22 09:57:12.268#Z#DEBUG#59cafa26-3e31-11f1-8b07-eeee0a9d4f34.employee-crud-app-db-deployer#flowable-async-job-executor-thread-2700#
[PollExecuteTaskStatusExecution] 0c716c4c-51b6-4422-96f2-ce472379c11b [2026-04-22T09:57:03.049759] Precompiling... ok (0s 0ms) (STDOUT, APP/TASK/deploy)#
#2026 04 22 09:57:12.268#Z#DEBUG#59cafa26-3e31-11f1-8b07-eeee0a9d4f34.employee-crud-app-db-deployer#flowable-async-job-executor-thread-2700#
[PollExecuteTaskStatusExecution] 0c716c4c-51b6-4422-96f2-ce472379c11b [2026-04-22T09:57:03.049763] Merging... (STDOUT, APP/TASK/deploy)#
#2026 04 22 09:57:12.268#Z#DEBUG#59cafa26-3e31-11f1-8b07-eeee0a9d4f34.employee-crud-app-db-deployer#flowable-async-job-executor-thread-2700#
[PollExecuteTaskStatusExecution] 0c716c4c-51b6-4422-96f2-ce472379c11b [2026-04-22T09:57:03.049766] Merging... ok (0s 0ms) (STDOUT, APP/TASK/deploy)#
#2026 04 22 09:57:12.268#Z#DEBUG#59cafa26-3e31-11f1-8b07-eeee0a9d4f34.employee-crud-app-db-deployer#flowable-async-job-executor-thread-2700#
[PollExecuteTaskStatusExecution] 0c716c4c-51b6-4422-96f2-ce472379c11b [2026-04-22T09:57:03.049770] Calculating dependencies... ok (0s 22ms) (STDOUT, APP/TASK/deploy)#
#2026 04 22 09:57:12.268#Z#DEBUG#59cafa26-3e31-11f1-8b07-eeee0a9d4f34.employee-crud-app-db-deployer#flowable-async-job-executor-thread-2700#
[PollExecuteTaskStatusExecution] 0c716c4c-51b6-4422-96f2-ce472379c11b [2026-04-22T09:57:03.049773] No make necessary (STDOUT, APP/TASK/deploy)#
#2026 04 22 09:57:12.268#Z#DEBUG#59cafa26-3e31-11f1-8b07-eeee0a9d4f34.employee-crud-app-db-deployer#flowable-async-job-executor-thread-2700#
[PollExecuteTaskStatusExecution] 0c716c4c-51b6-4422-96f2-ce472379c11b [2026-04-22T09:57:03.049812] Making... ok (0s 564ms) (STDOUT, APP/TASK/deploy)#
#2026 04 22 09:57:12.268#Z#DEBUG#59cafa26-3e31-11f1-8b07-eeee0a9d4f34.employee-crud-app-db-deployer#flowable-async-job-executor-thread-2700#
[PollExecuteTaskStatusExecution] 0c716c4c-51b6-4422-96f2-ce472379c11b [2026-04-22T09:57:03.049817] Enabling table replication for the container schema "CF7F896F5A834450956205053CCA762D"... (STDOUT, APP/TASK/deploy)#
#2026 04 22 09:57:12.268#Z#DEBUG#59cafa26-3e31-11f1-8b07-eeee0a9d4f34.employee-crud-app-db-deployer#flowable-async-job-executor-thread-2700#
[PollExecuteTaskStatusExecution] 0c716c4c-51b6-4422-96f2-ce472379c11b [2026-04-22T09:57:03.049821] Enabling table replication for the container schema "CF7F896F5A834450956205053CCA762D"... ok (0s 19ms) (STDOUT, APP/TASK/deploy)#
#2026 04 22 09:57:12.268#Z#DEBUG#59cafa26-3e31-11f1-8b07-eeee0a9d4f34.employee-crud-app-db-deployer#flowable-async-job-executor-thread-2700#
[PollExecuteTaskStatusExecution] 0c716c4c-51b6-4422-96f2-ce472379c11b [2026-04-22T09:57:03.049830] Starting make in the container "CF7F896F5A834450956205053CCA762D" with 0 files to deploy, 0 files to undeploy... ok (0s 657ms) (STDOUT, APP/TASK/deploy)#
#2026 04 22 09:57:12.268#Z#DEBUG#59cafa26-3e31-11f1-8b07-eeee0a9d4f34.employee-crud-app-db-deployer#flowable-async-job-executor-thread-2700#
[PollExecuteTaskStatusExecution] 0c716c4c-51b6-4422-96f2-ce472379c11b [2026-04-22T09:57:03.049931] Deploying to the container "CF7F896F5A834450956205053CCA762D"... ok (0s 849ms) (STDOUT, APP/TASK/deploy)#
#2026 04 22 09:57:12.268#Z#DEBUG#59cafa26-3e31-11f1-8b07-eeee0a9d4f34.employee-crud-app-db-deployer#flowable-async-job-executor-thread-2700#
[PollExecuteTaskStatusExecution] 0c716c4c-51b6-4422-96f2-ce472379c11b [2026-04-22T09:57:03.050313] No default-access-role handling needed; global role "CF7F896F5A834450956205053CCA762D::access_role" will not be adapted (STDOUT, APP/TASK/deploy)#
#2026 04 22 09:57:12.268#Z#DEBUG#59cafa26-3e31-11f1-8b07-eeee0a9d4f34.employee-crud-app-db-deployer#flowable-async-job-executor-thread-2700#
[PollExecuteTaskStatusExecution] 0c716c4c-51b6-4422-96f2-ce472379c11b [2026-04-22T09:57:03.050346] Unlocking the container "CF7F896F5A834450956205053CCA762D"... (STDOUT, APP/TASK/deploy)#
#2026 04 22 09:57:12.268#Z#DEBUG#59cafa26-3e31-11f1-8b07-eeee0a9d4f34.employee-crud-app-db-deployer#flowable-async-job-executor-thread-2700#
[PollExecuteTaskStatusExecution] 0c716c4c-51b6-4422-96f2-ce472379c11b [2026-04-22T09:57:03.050732] Unlocking the container "CF7F896F5A834450956205053CCA762D"... ok (0s 0ms) (STDOUT, APP/TASK/deploy)#
#2026 04 22 09:57:12.268#Z#DEBUG#59cafa26-3e31-11f1-8b07-eeee0a9d4f34.employee-crud-app-db-deployer#flowable-async-job-executor-thread-2700#
[PollExecuteTaskStatusExecution] 0c716c4c-51b6-4422-96f2-ce472379c11b [2026-04-22T09:57:03.051351] Deployment to container CF7F896F5A834450956205053CCA762D done [Deployment ID: none]. (STDOUT, APP/TASK/deploy)#
#2026 04 22 09:57:12.268#Z#DEBUG#59cafa26-3e31-11f1-8b07-eeee0a9d4f34.employee-crud-app-db-deployer#flowable-async-job-executor-thread-2700#
[PollExecuteTaskStatusExecution] 0c716c4c-51b6-4422-96f2-ce472379c11b [2026-04-22T09:57:03.051924] Deployment ended at 2026-04-22 09:57:03 (STDOUT, APP/TASK/deploy)#
#2026 04 22 09:57:12.268#Z#DEBUG#59cafa26-3e31-11f1-8b07-eeee0a9d4f34.employee-crud-app-db-deployer#flowable-async-job-executor-thread-2700#
[PollExecuteTaskStatusExecution] 0c716c4c-51b6-4422-96f2-ce472379c11b [2026-04-22T09:57:03.052400] (2s 780ms) (STDOUT, APP/TASK/deploy)#
#2026 04 22 09:57:12.268#Z#DEBUG#59cafa26-3e31-11f1-8b07-eeee0a9d4f34.employee-crud-app-db-deployer#flowable-async-job-executor-thread-2700#
[PollExecuteTaskStatusExecution] 0c716c4c-51b6-4422-96f2-ce472379c11b [2026-04-22T09:57:03.069977] npm notice (STDERR, APP/TASK/deploy)#
#2026 04 22 09:57:12.268#Z#DEBUG#59cafa26-3e31-11f1-8b07-eeee0a9d4f34.employee-crud-app-db-deployer#flowable-async-job-executor-thread-2700#
[PollExecuteTaskStatusExecution] 0c716c4c-51b6-4422-96f2-ce472379c11b [2026-04-22T09:57:03.069997] npm notice New minor version of npm available! 11.6.2 -> 11.12.1 (STDERR, APP/TASK/deploy)#
#2026 04 22 09:57:12.268#Z#DEBUG#59cafa26-3e31-11f1-8b07-eeee0a9d4f34.employee-crud-app-db-deployer#flowable-async-job-executor-thread-2700#
[PollExecuteTaskStatusExecution] 0c716c4c-51b6-4422-96f2-ce472379c11b [2026-04-22T09:57:03.070001] npm notice Changelog: https://github.com/npm/cli/releases/tag/v11.12.1 (STDERR, APP/TASK/deploy)#
#2026 04 22 09:57:12.268#Z#DEBUG#59cafa26-3e31-11f1-8b07-eeee0a9d4f34.employee-crud-app-db-deployer#flowable-async-job-executor-thread-2700#
[PollExecuteTaskStatusExecution] 0c716c4c-51b6-4422-96f2-ce472379c11b [2026-04-22T09:57:03.070005] npm notice To update run: npm install -g npm@11.12.1 (STDERR, APP/TASK/deploy)#
#2026 04 22 09:57:12.268#Z#DEBUG#59cafa26-3e31-11f1-8b07-eeee0a9d4f34.employee-crud-app-db-deployer#flowable-async-job-executor-thread-2700#
[PollExecuteTaskStatusExecution] 0c716c4c-51b6-4422-96f2-ce472379c11b [2026-04-22T09:57:03.070008] npm notice (STDERR, APP/TASK/deploy)#
#2026 04 22 09:57:12.268#Z#DEBUG#59cafa26-3e31-11f1-8b07-eeee0a9d4f34.employee-crud-app-db-deployer#flowable-async-job-executor-thread-2700#
[PollExecuteTaskStatusExecution] 0c716c4c-51b6-4422-96f2-ce472379c11b [2026-04-22T09:57:03.160383] Exit status 0 (STDOUT, APP/TASK/deploy)#
#2026 04 22 09:57:12.268#Z#DEBUG#59cafa26-3e31-11f1-8b07-eeee0a9d4f34.employee-crud-app-db-deployer#flowable-async-job-executor-thread-2700#
[PollExecuteTaskStatusExecution] 0c716c4c-51b6-4422-96f2-ce472379c11b [2026-04-22T09:57:04.163658] Cell 1ea14514-f0fe-461c-9aa9-a53bbe093b00 stopping instance 221e37d1-1212-4bbf-9084-4e893e117e5c (STDOUT, CELL)#
#2026 04 22 09:57:12.268#Z#DEBUG#59cafa26-3e31-11f1-8b07-eeee0a9d4f34.employee-crud-app-db-deployer#flowable-async-job-executor-thread-2700#
[PollExecuteTaskStatusExecution] 0c716c4c-51b6-4422-96f2-ce472379c11b [2026-04-22T09:57:04.163710] Cell 1ea14514-f0fe-461c-9aa9-a53bbe093b00 destroying container for instance 221e37d1-1212-4bbf-9084-4e893e117e5c (STDOUT, CELL)#
#2026 04 22 09:57:12.268#Z#DEBUG#59cafa26-3e31-11f1-8b07-eeee0a9d4f34.employee-crud-app-db-deployer#flowable-async-job-executor-thread-2700#
[PollExecuteTaskStatusExecution] 0c716c4c-51b6-4422-96f2-ce472379c11b [2026-04-22T09:57:07.266839] Cell 1ea14514-f0fe-461c-9aa9-a53bbe093b00 successfully destroyed container for instance 221e37d1-1212-4bbf-9084-4e893e117e5c (STDOUT, CELL)#
