#2026 04 22 09:56:21.671#Z#DEBUG#59cafa26-3e31-11f1-8b07-eeee0a9d4f34.employee-crud-app-srv#flowable-async-job-executor-thread-2664#
[PollStageAppStatusExecution] bc6807b5-41e6-4e0d-a660-4fd9ed69852c [2026-04-22T09:55:42.263060] Added process: "web" (STDOUT, API)#
#2026 04 22 09:56:21.671#Z#DEBUG#59cafa26-3e31-11f1-8b07-eeee0a9d4f34.employee-crud-app-srv#flowable-async-job-executor-thread-2664#
[PollStageAppStatusExecution] bc6807b5-41e6-4e0d-a660-4fd9ed69852c [2026-04-22T09:55:42.273699] Created app with guid bc6807b5-41e6-4e0d-a660-4fd9ed69852c (STDOUT, API)#
#2026 04 22 09:56:21.671#Z#DEBUG#59cafa26-3e31-11f1-8b07-eeee0a9d4f34.employee-crud-app-srv#flowable-async-job-executor-thread-2664#
[PollStageAppStatusExecution] bc6807b5-41e6-4e0d-a660-4fd9ed69852c [2026-04-22T09:55:42.394656] Updating process: "web" (STDOUT, API)#
#2026 04 22 09:56:21.671#Z#DEBUG#59cafa26-3e31-11f1-8b07-eeee0a9d4f34.employee-crud-app-srv#flowable-async-job-executor-thread-2664#
[PollStageAppStatusExecution] bc6807b5-41e6-4e0d-a660-4fd9ed69852c [2026-04-22T09:55:42.486937] Scaling process: "web" (STDOUT, API)#
#2026 04 22 09:56:21.671#Z#DEBUG#59cafa26-3e31-11f1-8b07-eeee0a9d4f34.employee-crud-app-srv#flowable-async-job-executor-thread-2664#
[PollStageAppStatusExecution] bc6807b5-41e6-4e0d-a660-4fd9ed69852c [2026-04-22T09:56:02.447206] Uploading app package for app with guid bc6807b5-41e6-4e0d-a660-4fd9ed69852c (STDOUT, API)#
#2026 04 22 09:56:21.671#Z#DEBUG#59cafa26-3e31-11f1-8b07-eeee0a9d4f34.employee-crud-app-srv#flowable-async-job-executor-thread-2664#
[PollStageAppStatusExecution] bc6807b5-41e6-4e0d-a660-4fd9ed69852c [2026-04-22T09:56:02.693662] Updated app with guid bc6807b5-41e6-4e0d-a660-4fd9ed69852c ({"environment_variables"=>"[PRIVATE DATA HIDDEN]"}) (STDOUT, API)#
#2026 04 22 09:56:21.671#Z#DEBUG#59cafa26-3e31-11f1-8b07-eeee0a9d4f34.employee-crud-app-srv#flowable-async-job-executor-thread-2664#
[PollStageAppStatusExecution] bc6807b5-41e6-4e0d-a660-4fd9ed69852c [2026-04-22T09:56:11.782142] Creating build for app with guid bc6807b5-41e6-4e0d-a660-4fd9ed69852c (STDOUT, API)#
#2026 04 22 09:56:21.671#Z#DEBUG#59cafa26-3e31-11f1-8b07-eeee0a9d4f34.employee-crud-app-srv#flowable-async-job-executor-thread-2664#
[PollStageAppStatusExecution] bc6807b5-41e6-4e0d-a660-4fd9ed69852c [2026-04-22T09:56:12.123323] Downloading nodejs_buildpack... (STDOUT, STG)#
#2026 04 22 09:56:21.671#Z#DEBUG#59cafa26-3e31-11f1-8b07-eeee0a9d4f34.employee-crud-app-srv#flowable-async-job-executor-thread-2664#
[PollStageAppStatusExecution] bc6807b5-41e6-4e0d-a660-4fd9ed69852c [2026-04-22T09:56:12.147603] Downloaded nodejs_buildpack (STDOUT, STG)#
#2026 04 22 09:56:21.671#Z#DEBUG#59cafa26-3e31-11f1-8b07-eeee0a9d4f34.employee-crud-app-srv#flowable-async-job-executor-thread-2664#
[PollStageAppStatusExecution] bc6807b5-41e6-4e0d-a660-4fd9ed69852c [2026-04-22T09:56:12.147677] Cell 54b50d35-322b-4617-baa3-c13476b47cb5 creating container for instance 98e34293-fb3d-4194-afed-1a3ae3ee956a (STDOUT, STG)#
#2026 04 22 09:56:21.671#Z#DEBUG#59cafa26-3e31-11f1-8b07-eeee0a9d4f34.employee-crud-app-srv#flowable-async-job-executor-thread-2664#
[PollStageAppStatusExecution] bc6807b5-41e6-4e0d-a660-4fd9ed69852c [2026-04-22T09:56:14.240295] Security group rules were updated (STDOUT, STG)#
#2026 04 22 09:56:21.671#Z#DEBUG#59cafa26-3e31-11f1-8b07-eeee0a9d4f34.employee-crud-app-srv#flowable-async-job-executor-thread-2664#
[PollStageAppStatusExecution] bc6807b5-41e6-4e0d-a660-4fd9ed69852c [2026-04-22T09:56:14.356934] Cell 54b50d35-322b-4617-baa3-c13476b47cb5 successfully created container for instance 98e34293-fb3d-4194-afed-1a3ae3ee956a (STDOUT, STG)#
#2026 04 22 09:56:21.671#Z#DEBUG#59cafa26-3e31-11f1-8b07-eeee0a9d4f34.employee-crud-app-srv#flowable-async-job-executor-thread-2664#
[PollStageAppStatusExecution] bc6807b5-41e6-4e0d-a660-4fd9ed69852c [2026-04-22T09:56:15.271867] Downloading app package... (STDOUT, STG)#
#2026 04 22 09:56:21.671#Z#DEBUG#59cafa26-3e31-11f1-8b07-eeee0a9d4f34.employee-crud-app-srv#flowable-async-job-executor-thread-2664#
[PollStageAppStatusExecution] bc6807b5-41e6-4e0d-a660-4fd9ed69852c [2026-04-22T09:56:17.104986] Downloaded app package (9.5M) (STDOUT, STG)#
#2026 04 22 09:56:21.671#Z#DEBUG#59cafa26-3e31-11f1-8b07-eeee0a9d4f34.employee-crud-app-srv#flowable-async-job-executor-thread-2664#
[PollStageAppStatusExecution] bc6807b5-41e6-4e0d-a660-4fd9ed69852c [2026-04-22T09:56:17.230158] -----> Nodejs Buildpack version 1.8.44 (STDOUT, STG)#
#2026 04 22 09:56:21.671#Z#DEBUG#59cafa26-3e31-11f1-8b07-eeee0a9d4f34.employee-crud-app-srv#flowable-async-job-executor-thread-2664#
[PollStageAppStatusExecution] bc6807b5-41e6-4e0d-a660-4fd9ed69852c [2026-04-22T09:56:17.931014] -----> Bootstrapping python (STDOUT, STG)#
#2026 04 22 09:56:21.671#Z#DEBUG#59cafa26-3e31-11f1-8b07-eeee0a9d4f34.employee-crud-app-srv#flowable-async-job-executor-thread-2664#
[PollStageAppStatusExecution] bc6807b5-41e6-4e0d-a660-4fd9ed69852c [2026-04-22T09:56:17.931035] -----> Installing python 3.11.14 (STDOUT, STG)#
#2026 04 22 09:56:21.671#Z#DEBUG#59cafa26-3e31-11f1-8b07-eeee0a9d4f34.employee-crud-app-srv#flowable-async-job-executor-thread-2664#
[PollStageAppStatusExecution] bc6807b5-41e6-4e0d-a660-4fd9ed69852c [2026-04-22T09:56:17.931179] Copy [/tmp/buildpacks/ee597f2be8090397/dependencies/b5e0345ae0ae1932e7d56fffaa49a487/python_3.11.14_linux_x64_cflinuxfs4_66f53248.tgz] (STDOUT, STG)#
#2026 04 22 09:56:31.754#Z#DEBUG#59cafa26-3e31-11f1-8b07-eeee0a9d4f34.employee-crud-app-srv#flowable-async-job-executor-thread-2671#
[PollStageAppStatusExecution] bc6807b5-41e6-4e0d-a660-4fd9ed69852c [2026-04-22T09:56:23.425440] -----> Installing binaries (STDOUT, STG)#
#2026 04 22 09:56:31.754#Z#DEBUG#59cafa26-3e31-11f1-8b07-eeee0a9d4f34.employee-crud-app-srv#flowable-async-job-executor-thread-2671#
[PollStageAppStatusExecution] bc6807b5-41e6-4e0d-a660-4fd9ed69852c [2026-04-22T09:56:23.425553] engines.node (package.json): >=20 (STDOUT, STG)#
#2026 04 22 09:56:31.754#Z#DEBUG#59cafa26-3e31-11f1-8b07-eeee0a9d4f34.employee-crud-app-srv#flowable-async-job-executor-thread-2671#
[PollStageAppStatusExecution] bc6807b5-41e6-4e0d-a660-4fd9ed69852c [2026-04-22T09:56:23.425575] engines.npm (package.json): unspecified (use default) (STDOUT, STG)#
#2026 04 22 09:56:31.754#Z#DEBUG#59cafa26-3e31-11f1-8b07-eeee0a9d4f34.employee-crud-app-srv#flowable-async-job-executor-thread-2671#
[PollStageAppStatusExecution] bc6807b5-41e6-4e0d-a660-4fd9ed69852c [2026-04-22T09:56:23.425594] [31;1m**WARNING**[0m Dangerous semver range (>) in engines.node. See: http://docs.cloudfoundry.org/buildpacks/node/node-tips.html (STDOUT, STG)#
#2026 04 22 09:56:31.754#Z#DEBUG#59cafa26-3e31-11f1-8b07-eeee0a9d4f34.employee-crud-app-srv#flowable-async-job-executor-thread-2671#
[PollStageAppStatusExecution] bc6807b5-41e6-4e0d-a660-4fd9ed69852c [2026-04-22T09:56:23.425764] -----> Installing node 24.13.0 (STDOUT, STG)#
#2026 04 22 09:56:31.754#Z#DEBUG#59cafa26-3e31-11f1-8b07-eeee0a9d4f34.employee-crud-app-srv#flowable-async-job-executor-thread-2671#
[PollStageAppStatusExecution] bc6807b5-41e6-4e0d-a660-4fd9ed69852c [2026-04-22T09:56:23.426350] Copy [/tmp/buildpacks/ee597f2be8090397/dependencies/2f5692219fecc3eee6e6d507a6bfe7b9/node_24.13.0_linux_x64_cflinuxfs4_a816dee1.tgz] (STDOUT, STG)#
#2026 04 22 09:56:31.754#Z#DEBUG#59cafa26-3e31-11f1-8b07-eeee0a9d4f34.employee-crud-app-srv#flowable-async-job-executor-thread-2671#
[PollStageAppStatusExecution] bc6807b5-41e6-4e0d-a660-4fd9ed69852c [2026-04-22T09:56:26.824174] Using default npm version: 11.6.2 (STDOUT, STG)#
#2026 04 22 09:56:31.754#Z#DEBUG#59cafa26-3e31-11f1-8b07-eeee0a9d4f34.employee-crud-app-srv#flowable-async-job-executor-thread-2671#
[PollStageAppStatusExecution] bc6807b5-41e6-4e0d-a660-4fd9ed69852c [2026-04-22T09:56:26.824193] -----> Installing yarn 1.22.22 (STDOUT, STG)#
#2026 04 22 09:56:31.754#Z#DEBUG#59cafa26-3e31-11f1-8b07-eeee0a9d4f34.employee-crud-app-srv#flowable-async-job-executor-thread-2671#
[PollStageAppStatusExecution] bc6807b5-41e6-4e0d-a660-4fd9ed69852c [2026-04-22T09:56:26.824216] Copy [/tmp/buildpacks/ee597f2be8090397/dependencies/e3a39aedd1236924d69cc2d0637a8ed2/yarn_1.22.22_linux_noarch_any-stack_4911d0a6.tgz] (STDOUT, STG)#
#2026 04 22 09:56:31.754#Z#DEBUG#59cafa26-3e31-11f1-8b07-eeee0a9d4f34.employee-crud-app-srv#flowable-async-job-executor-thread-2671#
[PollStageAppStatusExecution] bc6807b5-41e6-4e0d-a660-4fd9ed69852c [2026-04-22T09:56:27.245984] Installed yarn 1.22.22 (STDOUT, STG)#
#2026 04 22 09:56:31.754#Z#DEBUG#59cafa26-3e31-11f1-8b07-eeee0a9d4f34.employee-crud-app-srv#flowable-async-job-executor-thread-2671#
[PollStageAppStatusExecution] bc6807b5-41e6-4e0d-a660-4fd9ed69852c [2026-04-22T09:56:27.246007] -----> Creating runtime environment (STDOUT, STG)#
#2026 04 22 09:56:31.754#Z#DEBUG#59cafa26-3e31-11f1-8b07-eeee0a9d4f34.employee-crud-app-srv#flowable-async-job-executor-thread-2671#
[PollStageAppStatusExecution] bc6807b5-41e6-4e0d-a660-4fd9ed69852c [2026-04-22T09:56:27.248806] NODE_ENV=production (STDOUT, STG)#
#2026 04 22 09:56:31.754#Z#DEBUG#59cafa26-3e31-11f1-8b07-eeee0a9d4f34.employee-crud-app-srv#flowable-async-job-executor-thread-2671#
[PollStageAppStatusExecution] bc6807b5-41e6-4e0d-a660-4fd9ed69852c [2026-04-22T09:56:27.248821] NODE_HOME=/tmp/contents2235490344/deps/0/node (STDOUT, STG)#
#2026 04 22 09:56:31.754#Z#DEBUG#59cafa26-3e31-11f1-8b07-eeee0a9d4f34.employee-crud-app-srv#flowable-async-job-executor-thread-2671#
[PollStageAppStatusExecution] bc6807b5-41e6-4e0d-a660-4fd9ed69852c [2026-04-22T09:56:27.248825] NODE_MODULES_CACHE=true (STDOUT, STG)#
#2026 04 22 09:56:31.754#Z#DEBUG#59cafa26-3e31-11f1-8b07-eeee0a9d4f34.employee-crud-app-srv#flowable-async-job-executor-thread-2671#
[PollStageAppStatusExecution] bc6807b5-41e6-4e0d-a660-4fd9ed69852c [2026-04-22T09:56:27.248828] NODE_VERBOSE=false (STDOUT, STG)#
#2026 04 22 09:56:31.754#Z#DEBUG#59cafa26-3e31-11f1-8b07-eeee0a9d4f34.employee-crud-app-srv#flowable-async-job-executor-thread-2671#
[PollStageAppStatusExecution] bc6807b5-41e6-4e0d-a660-4fd9ed69852c [2026-04-22T09:56:27.248831] NPM_CONFIG_LOGLEVEL=error (STDOUT, STG)#
#2026 04 22 09:56:31.754#Z#DEBUG#59cafa26-3e31-11f1-8b07-eeee0a9d4f34.employee-crud-app-srv#flowable-async-job-executor-thread-2671#
[PollStageAppStatusExecution] bc6807b5-41e6-4e0d-a660-4fd9ed69852c [2026-04-22T09:56:27.248836] NPM_CONFIG_PRODUCTION=true (STDOUT, STG)#
#2026 04 22 09:56:31.754#Z#DEBUG#59cafa26-3e31-11f1-8b07-eeee0a9d4f34.employee-crud-app-srv#flowable-async-job-executor-thread-2671#
[PollStageAppStatusExecution] bc6807b5-41e6-4e0d-a660-4fd9ed69852c [2026-04-22T09:56:27.248989] -----> Building dependencies (STDOUT, STG)#
#2026 04 22 09:56:31.754#Z#DEBUG#59cafa26-3e31-11f1-8b07-eeee0a9d4f34.employee-crud-app-srv#flowable-async-job-executor-thread-2671#
[PollStageAppStatusExecution] bc6807b5-41e6-4e0d-a660-4fd9ed69852c [2026-04-22T09:56:27.249] Prebuild detected (node_modules already exists) (STDOUT, STG)#
#2026 04 22 09:56:31.754#Z#DEBUG#59cafa26-3e31-11f1-8b07-eeee0a9d4f34.employee-crud-app-srv#flowable-async-job-executor-thread-2671#
[PollStageAppStatusExecution] bc6807b5-41e6-4e0d-a660-4fd9ed69852c [2026-04-22T09:56:27.249004] Rebuilding any native modules (STDOUT, STG)#
#2026 04 22 09:56:31.754#Z#DEBUG#59cafa26-3e31-11f1-8b07-eeee0a9d4f34.employee-crud-app-srv#flowable-async-job-executor-thread-2671#
[PollStageAppStatusExecution] bc6807b5-41e6-4e0d-a660-4fd9ed69852c [2026-04-22T09:56:28.266753] rebuilt dependencies successfully (STDOUT, STG)#
#2026 04 22 09:56:31.754#Z#DEBUG#59cafa26-3e31-11f1-8b07-eeee0a9d4f34.employee-crud-app-srv#flowable-async-job-executor-thread-2671#
[PollStageAppStatusExecution] bc6807b5-41e6-4e0d-a660-4fd9ed69852c [2026-04-22T09:56:28.268982] npm notice (STDOUT, STG)#
#2026 04 22 09:56:31.754#Z#DEBUG#59cafa26-3e31-11f1-8b07-eeee0a9d4f34.employee-crud-app-srv#flowable-async-job-executor-thread-2671#
[PollStageAppStatusExecution] bc6807b5-41e6-4e0d-a660-4fd9ed69852c [2026-04-22T09:56:28.269029] npm notice New minor version of npm available! 11.6.2 -> 11.12.1 (STDOUT, STG)#
#2026 04 22 09:56:31.754#Z#DEBUG#59cafa26-3e31-11f1-8b07-eeee0a9d4f34.employee-crud-app-srv#flowable-async-job-executor-thread-2671#
[PollStageAppStatusExecution] bc6807b5-41e6-4e0d-a660-4fd9ed69852c [2026-04-22T09:56:28.269036] npm notice Changelog: https://github.com/npm/cli/releases/tag/v11.12.1 (STDOUT, STG)#
#2026 04 22 09:56:31.754#Z#DEBUG#59cafa26-3e31-11f1-8b07-eeee0a9d4f34.employee-crud-app-srv#flowable-async-job-executor-thread-2671#
[PollStageAppStatusExecution] bc6807b5-41e6-4e0d-a660-4fd9ed69852c [2026-04-22T09:56:28.269042] npm notice To update run: npm install -g npm@11.12.1 (STDOUT, STG)#
#2026 04 22 09:56:31.754#Z#DEBUG#59cafa26-3e31-11f1-8b07-eeee0a9d4f34.employee-crud-app-srv#flowable-async-job-executor-thread-2671#
[PollStageAppStatusExecution] bc6807b5-41e6-4e0d-a660-4fd9ed69852c [2026-04-22T09:56:28.269048] npm notice (STDOUT, STG)#
#2026 04 22 09:56:31.754#Z#DEBUG#59cafa26-3e31-11f1-8b07-eeee0a9d4f34.employee-crud-app-srv#flowable-async-job-executor-thread-2671#
[PollStageAppStatusExecution] bc6807b5-41e6-4e0d-a660-4fd9ed69852c [2026-04-22T09:56:28.371331] Installing any new modules (package.json + package-lock.json) (STDOUT, STG)#
#2026 04 22 09:56:31.754#Z#DEBUG#59cafa26-3e31-11f1-8b07-eeee0a9d4f34.employee-crud-app-srv#flowable-async-job-executor-thread-2671#
[PollStageAppStatusExecution] bc6807b5-41e6-4e0d-a660-4fd9ed69852c [2026-04-22T09:56:29.454516] removed 16 packages in 997ms (STDOUT, STG)#
#2026 04 22 09:56:31.754#Z#DEBUG#59cafa26-3e31-11f1-8b07-eeee0a9d4f34.employee-crud-app-srv#flowable-async-job-executor-thread-2671#
[PollStageAppStatusExecution] bc6807b5-41e6-4e0d-a660-4fd9ed69852c [2026-04-22T09:56:29.454717] 28 packages are looking for funding (STDOUT, STG)#
#2026 04 22 09:56:31.754#Z#DEBUG#59cafa26-3e31-11f1-8b07-eeee0a9d4f34.employee-crud-app-srv#flowable-async-job-executor-thread-2671#
[PollStageAppStatusExecution] bc6807b5-41e6-4e0d-a660-4fd9ed69852c [2026-04-22T09:56:29.454805] run `npm fund` for details (STDOUT, STG)#
#2026 04 22 09:56:31.754#Z#DEBUG#59cafa26-3e31-11f1-8b07-eeee0a9d4f34.employee-crud-app-srv#flowable-async-job-executor-thread-2671#
[PollStageAppStatusExecution] bc6807b5-41e6-4e0d-a660-4fd9ed69852c [2026-04-22T09:56:31.008652] Contrast Security no credentials found. Will not write environment files. (STDOUT, STG)#
#2026 04 22 09:56:51.957#Z#DEBUG#59cafa26-3e31-11f1-8b07-eeee0a9d4f34.employee-crud-app-srv#flowable-async-job-executor-thread-2686#
[PollStageAppStatusExecution] bc6807b5-41e6-4e0d-a660-4fd9ed69852c [2026-04-22T09:56:44.897288] Exit status 0 (STDOUT, STG)#
#2026 04 22 09:56:51.957#Z#DEBUG#59cafa26-3e31-11f1-8b07-eeee0a9d4f34.employee-crud-app-srv#flowable-async-job-executor-thread-2686#
[PollStageAppStatusExecution] bc6807b5-41e6-4e0d-a660-4fd9ed69852c [2026-04-22T09:56:44.897371] Uploading droplet, build artifacts cache... (STDOUT, STG)#
#2026 04 22 09:56:51.957#Z#DEBUG#59cafa26-3e31-11f1-8b07-eeee0a9d4f34.employee-crud-app-srv#flowable-async-job-executor-thread-2686#
[PollStageAppStatusExecution] bc6807b5-41e6-4e0d-a660-4fd9ed69852c [2026-04-22T09:56:44.897438] Uploading build artifacts cache... (STDOUT, STG)#
#2026 04 22 09:56:51.957#Z#DEBUG#59cafa26-3e31-11f1-8b07-eeee0a9d4f34.employee-crud-app-srv#flowable-async-job-executor-thread-2686#
[PollStageAppStatusExecution] bc6807b5-41e6-4e0d-a660-4fd9ed69852c [2026-04-22T09:56:44.897473] Uploading droplet... (STDOUT, STG)#
#2026 04 22 09:56:51.957#Z#DEBUG#59cafa26-3e31-11f1-8b07-eeee0a9d4f34.employee-crud-app-srv#flowable-async-job-executor-thread-2686#
[PollStageAppStatusExecution] bc6807b5-41e6-4e0d-a660-4fd9ed69852c [2026-04-22T09:56:44.938647] Uploaded build artifacts cache (218B) (STDOUT, STG)#
#2026 04 22 09:56:51.957#Z#DEBUG#59cafa26-3e31-11f1-8b07-eeee0a9d4f34.employee-crud-app-srv#flowable-async-job-executor-thread-2686#
[PollStageAppStatusExecution] bc6807b5-41e6-4e0d-a660-4fd9ed69852c [2026-04-22T09:56:45.792674] Creating droplet for app with guid bc6807b5-41e6-4e0d-a660-4fd9ed69852c (STDOUT, API)#
#2026 04 22 09:56:51.957#Z#DEBUG#59cafa26-3e31-11f1-8b07-eeee0a9d4f34.employee-crud-app-srv#flowable-async-job-executor-thread-2686#
[PollStageAppStatusExecution] bc6807b5-41e6-4e0d-a660-4fd9ed69852c [2026-04-22T09:56:48.867017] Uploaded droplet (62.8M) (STDOUT, STG)#
#2026 04 22 09:56:51.957#Z#DEBUG#59cafa26-3e31-11f1-8b07-eeee0a9d4f34.employee-crud-app-srv#flowable-async-job-executor-thread-2686#
[PollStageAppStatusExecution] bc6807b5-41e6-4e0d-a660-4fd9ed69852c [2026-04-22T09:56:48.904031] Uploading complete (STDOUT, STG)#
#2026 04 22 09:56:51.957#Z#DEBUG#59cafa26-3e31-11f1-8b07-eeee0a9d4f34.employee-crud-app-srv#flowable-async-job-executor-thread-2686#
[PollStageAppStatusExecution] bc6807b5-41e6-4e0d-a660-4fd9ed69852c [2026-04-22T09:56:49.351832] Cell 54b50d35-322b-4617-baa3-c13476b47cb5 stopping instance 98e34293-fb3d-4194-afed-1a3ae3ee956a (STDOUT, STG)#
#2026 04 22 09:56:51.957#Z#DEBUG#59cafa26-3e31-11f1-8b07-eeee0a9d4f34.employee-crud-app-srv#flowable-async-job-executor-thread-2686#
[PollStageAppStatusExecution] bc6807b5-41e6-4e0d-a660-4fd9ed69852c [2026-04-22T09:56:49.351872] Cell 54b50d35-322b-4617-baa3-c13476b47cb5 destroying container for instance 98e34293-fb3d-4194-afed-1a3ae3ee956a (STDOUT, STG)#
#2026 04 22 09:56:51.957#Z#DEBUG#59cafa26-3e31-11f1-8b07-eeee0a9d4f34.employee-crud-app-srv#flowable-async-job-executor-thread-2686#
[PollStageAppStatusExecution] bc6807b5-41e6-4e0d-a660-4fd9ed69852c [2026-04-22T09:56:49.437056] Staging complete for build 98e34293-fb3d-4194-afed-1a3ae3ee956a (STDOUT, API)#
#2026 04 22 09:57:02.165#Z#DEBUG#59cafa26-3e31-11f1-8b07-eeee0a9d4f34.employee-crud-app-srv#flowable-async-job-executor-thread-2698#
[PollStartAppStatusExecution] bc6807b5-41e6-4e0d-a660-4fd9ed69852c [2026-04-22T09:56:52.054296] Updated app with guid bc6807b5-41e6-4e0d-a660-4fd9ed69852c ({:droplet_guid=>"52b8f6d4-405b-4736-8fda-a8317191b97d"}) (STDOUT, API)#
#2026 04 22 09:57:02.165#Z#DEBUG#59cafa26-3e31-11f1-8b07-eeee0a9d4f34.employee-crud-app-srv#flowable-async-job-executor-thread-2698#
[PollStartAppStatusExecution] bc6807b5-41e6-4e0d-a660-4fd9ed69852c [2026-04-22T09:56:52.285612] Creating revision for app with guid bc6807b5-41e6-4e0d-a660-4fd9ed69852c (STDOUT, API)#
#2026 04 22 09:57:02.165#Z#DEBUG#59cafa26-3e31-11f1-8b07-eeee0a9d4f34.employee-crud-app-srv#flowable-async-job-executor-thread-2698#
[PollStartAppStatusExecution] bc6807b5-41e6-4e0d-a660-4fd9ed69852c [2026-04-22T09:56:52.323168] Starting app with guid bc6807b5-41e6-4e0d-a660-4fd9ed69852c (STDOUT, API)#
#2026 04 22 09:57:02.165#Z#DEBUG#59cafa26-3e31-11f1-8b07-eeee0a9d4f34.employee-crud-app-srv#flowable-async-job-executor-thread-2698#
[PollStartAppStatusExecution] bc6807b5-41e6-4e0d-a660-4fd9ed69852c [2026-04-22T09:56:52.571313] Cell 3697da87-6170-41a4-acb7-9186f1527dfa creating container for instance a93892a2-24ff-41b5-7f82-a088 (STDOUT, CELL)#
#2026 04 22 09:57:02.165#Z#DEBUG#59cafa26-3e31-11f1-8b07-eeee0a9d4f34.employee-crud-app-srv#flowable-async-job-executor-thread-2698#
[PollStartAppStatusExecution] bc6807b5-41e6-4e0d-a660-4fd9ed69852c [2026-04-22T09:56:52.785119] Cell 54b50d35-322b-4617-baa3-c13476b47cb5 successfully destroyed container for instance 98e34293-fb3d-4194-afed-1a3ae3ee956a (STDOUT, STG)#
#2026 04 22 09:57:02.165#Z#DEBUG#59cafa26-3e31-11f1-8b07-eeee0a9d4f34.employee-crud-app-srv#flowable-async-job-executor-thread-2698#
[PollStartAppStatusExecution] bc6807b5-41e6-4e0d-a660-4fd9ed69852c [2026-04-22T09:56:53.235737] Security group rules were updated (STDOUT, CELL)#
#2026 04 22 09:57:02.165#Z#DEBUG#59cafa26-3e31-11f1-8b07-eeee0a9d4f34.employee-crud-app-srv#flowable-async-job-executor-thread-2698#
[PollStartAppStatusExecution] bc6807b5-41e6-4e0d-a660-4fd9ed69852c [2026-04-22T09:56:53.317306] Cell 3697da87-6170-41a4-acb7-9186f1527dfa successfully created container for instance a93892a2-24ff-41b5-7f82-a088 (STDOUT, CELL)#
#2026 04 22 09:57:02.165#Z#DEBUG#59cafa26-3e31-11f1-8b07-eeee0a9d4f34.employee-crud-app-srv#flowable-async-job-executor-thread-2698#
[PollStartAppStatusExecution] bc6807b5-41e6-4e0d-a660-4fd9ed69852c [2026-04-22T09:56:55.400213] Downloading droplet... (STDOUT, CELL)#
#2026 04 22 09:57:02.165#Z#DEBUG#59cafa26-3e31-11f1-8b07-eeee0a9d4f34.employee-crud-app-srv#flowable-async-job-executor-thread-2698#
[PollStartAppStatusExecution] bc6807b5-41e6-4e0d-a660-4fd9ed69852c [2026-04-22T09:57:00.370674] Downloaded droplet (62.8M) (STDOUT, CELL)#
#2026 04 22 09:57:02.165#Z#DEBUG#59cafa26-3e31-11f1-8b07-eeee0a9d4f34.employee-crud-app-srv#flowable-async-job-executor-thread-2698#
[PollStartAppStatusExecution] bc6807b5-41e6-4e0d-a660-4fd9ed69852c [2026-04-22T09:57:00.370829] Starting health monitoring of container (STDOUT, CELL)#
#2026 04 22 09:57:02.165#Z#DEBUG#59cafa26-3e31-11f1-8b07-eeee0a9d4f34.employee-crud-app-srv#flowable-async-job-executor-thread-2698#
[PollStartAppStatusExecution] bc6807b5-41e6-4e0d-a660-4fd9ed69852c [2026-04-22T09:57:00.475996] Invoking pre-start scripts. (STDOUT, APP/PROC/WEB)#
#2026 04 22 09:57:02.165#Z#DEBUG#59cafa26-3e31-11f1-8b07-eeee0a9d4f34.employee-crud-app-srv#flowable-async-job-executor-thread-2698#
[PollStartAppStatusExecution] bc6807b5-41e6-4e0d-a660-4fd9ed69852c [2026-04-22T09:57:00.706131] Invoking start command. (STDOUT, APP/PROC/WEB)#
#2026 04 22 09:57:02.165#Z#DEBUG#59cafa26-3e31-11f1-8b07-eeee0a9d4f34.employee-crud-app-srv#flowable-async-job-executor-thread-2698#
[PollStartAppStatusExecution] bc6807b5-41e6-4e0d-a660-4fd9ed69852c [2026-04-22T09:57:01.183591] > employee-crud-app@1.0.0 start (STDOUT, APP/PROC/WEB)#
#2026 04 22 09:57:02.165#Z#DEBUG#59cafa26-3e31-11f1-8b07-eeee0a9d4f34.employee-crud-app-srv#flowable-async-job-executor-thread-2698#
[PollStartAppStatusExecution] bc6807b5-41e6-4e0d-a660-4fd9ed69852c [2026-04-22T09:57:01.183613] > cds-serve (STDOUT, APP/PROC/WEB)#
#2026 04 22 09:57:02.165#Z#DEBUG#59cafa26-3e31-11f1-8b07-eeee0a9d4f34.employee-crud-app-srv#flowable-async-job-executor-thread-2698#
[PollStartAppStatusExecution] bc6807b5-41e6-4e0d-a660-4fd9ed69852c [2026-04-22T09:57:01.570236] {"level":"info","logger":"cds","timestamp":"2026-04-22T09:57:01.568Z","layer":"cds","component_type":"application","container_id":"10.32.2.7","component_id":"bc6807b5-41e6-4e0d-a660-4fd9ed69852c","component_name":"employee-crud-app-srv","component_instance":0,"source_instance":0,"organization_name":"d81307d4trial","organization_id":"6d25488f-8b80-4324-96aa-6ef1d1540765","space_name":"dev","space_id":"0db2cbad-1f3e-431f-b895-44d3b936a3af","msg":"loaded model from 1 file(s):\n ","type":"log"} (STDOUT, APP/PROC/WEB)#
#2026 04 22 09:57:02.165#Z#DEBUG#59cafa26-3e31-11f1-8b07-eeee0a9d4f34.employee-crud-app-srv#flowable-async-job-executor-thread-2698#
[PollStartAppStatusExecution] bc6807b5-41e6-4e0d-a660-4fd9ed69852c [2026-04-22T09:57:01.570892] srv/csn.json (STDOUT, APP/PROC/WEB)#
#2026 04 22 09:57:02.165#Z#DEBUG#59cafa26-3e31-11f1-8b07-eeee0a9d4f34.employee-crud-app-srv#flowable-async-job-executor-thread-2698#
[PollStartAppStatusExecution] bc6807b5-41e6-4e0d-a660-4fd9ed69852c [2026-04-22T09:57:01.889736] {"level":"info","logger":"cds","timestamp":"2026-04-22T09:57:01.888Z","layer":"cds","component_type":"application","container_id":"10.32.2.7","component_id":"bc6807b5-41e6-4e0d-a660-4fd9ed69852c","component_name":"employee-crud-app-srv","component_instance":0,"source_instance":0,"organization_name":"d81307d4trial","organization_id":"6d25488f-8b80-4324-96aa-6ef1d1540765","space_name":"dev","space_id":"0db2cbad-1f3e-431f-b895-44d3b936a3af","msg":"connect to db > hana {\n  database_id: '38971a0a-c775-4357-8bdc-97be1b64adfd',\n  host: '38971a0a-c775-4357-8bdc-97be1b64adfd.hana.prod-ap21.hanacloud.ondemand.com',\n  port: '443',\n  driver: 'com.sap.db.jdbc.Driver',\n  url: 'jdbc:sap://38971a0a-c775-4357-8bdc-97be1b64adfd.hana.prod-ap21.hanacloud.ondemand.com:443?encrypt=true&validateCertificate=true&currentschema=CF7F896F5A834450956205053CCA762D',\n  schema: 'CF7F896F5A834450956205053CCA762D',\n  certificate: '...',\n  hdi_user: 'CF7F896F5A834450956205053CCA762D_78KHBVEWEN5SO6GWZNRSUZXRU_DT',\n  hdi_password: '...',\n  user: 'CF7F896F5A834450956205053CCA762D_78KHBVEWEN5SO6GWZNRSUZXRU_RT',\n  password: '...'\n}","type":"log"} (STDOUT, APP/PROC/WEB)#
#2026 04 22 09:57:12.236#Z#DEBUG#59cafa26-3e31-11f1-8b07-eeee0a9d4f34.employee-crud-app-srv#flowable-async-job-executor-thread-2704#
[PollStartAppStatusExecution] bc6807b5-41e6-4e0d-a660-4fd9ed69852c [2026-04-22T09:57:02.036814] {"level":"info","logger":"cds","timestamp":"2026-04-22T09:57:02.036Z","layer":"cds","component_type":"application","container_id":"10.32.2.7","component_id":"bc6807b5-41e6-4e0d-a660-4fd9ed69852c","component_name":"employee-crud-app-srv","component_instance":0,"source_instance":0,"organization_name":"d81307d4trial","organization_id":"6d25488f-8b80-4324-96aa-6ef1d1540765","space_name":"dev","space_id":"0db2cbad-1f3e-431f-b895-44d3b936a3af","msg":"connect to northwind > odata { url: 'https://services.odata.org/v4/northwind/northwind.svc/' }","type":"log"} (STDOUT, APP/PROC/WEB)#
#2026 04 22 09:57:12.236#Z#DEBUG#59cafa26-3e31-11f1-8b07-eeee0a9d4f34.employee-crud-app-srv#flowable-async-job-executor-thread-2704#
[PollStartAppStatusExecution] bc6807b5-41e6-4e0d-a660-4fd9ed69852c [2026-04-22T09:57:02.065840] {"level":"info","logger":"cds","timestamp":"2026-04-22T09:57:02.065Z","layer":"cds","component_type":"application","container_id":"10.32.2.7","component_id":"bc6807b5-41e6-4e0d-a660-4fd9ed69852c","component_name":"employee-crud-app-srv","component_instance":0,"source_instance":0,"organization_name":"d81307d4trial","organization_id":"6d25488f-8b80-4324-96aa-6ef1d1540765","space_name":"dev","space_id":"0db2cbad-1f3e-431f-b895-44d3b936a3af","msg":"using auth strategy { kind: 'jwt' }","type":"log"} (STDOUT, APP/PROC/WEB)#
#2026 04 22 09:57:12.236#Z#DEBUG#59cafa26-3e31-11f1-8b07-eeee0a9d4f34.employee-crud-app-srv#flowable-async-job-executor-thread-2704#
[PollStartAppStatusExecution] bc6807b5-41e6-4e0d-a660-4fd9ed69852c [2026-04-22T09:57:02.123971] {"level":"info","logger":"cds","timestamp":"2026-04-22T09:57:02.123Z","layer":"cds","component_type":"application","container_id":"10.32.2.7","component_id":"bc6807b5-41e6-4e0d-a660-4fd9ed69852c","component_name":"employee-crud-app-srv","component_instance":0,"source_instance":0,"organization_name":"d81307d4trial","organization_id":"6d25488f-8b80-4324-96aa-6ef1d1540765","space_name":"dev","space_id":"0db2cbad-1f3e-431f-b895-44d3b936a3af","msg":"serving EmployeeService {\n  at: [ '/odata/v4/employee' ],\n  decl: 'srv/csn.json:94',\n  impl: 'srv/service.js'\n}","type":"log"} (STDOUT, APP/PROC/WEB)#
#2026 04 22 09:57:12.236#Z#DEBUG#59cafa26-3e31-11f1-8b07-eeee0a9d4f34.employee-crud-app-srv#flowable-async-job-executor-thread-2704#
[PollStartAppStatusExecution] bc6807b5-41e6-4e0d-a660-4fd9ed69852c [2026-04-22T09:57:02.130246] {"level":"info","logger":"cds","timestamp":"2026-04-22T09:57:02.130Z","layer":"cds","component_type":"application","container_id":"10.32.2.7","component_id":"bc6807b5-41e6-4e0d-a660-4fd9ed69852c","component_name":"employee-crud-app-srv","component_instance":0,"source_instance":0,"organization_name":"d81307d4trial","organization_id":"6d25488f-8b80-4324-96aa-6ef1d1540765","space_name":"dev","space_id":"0db2cbad-1f3e-431f-b895-44d3b936a3af","msg":"server listening on { url: 'http://localhost:8080' }","type":"log"} (STDOUT, APP/PROC/WEB)#
#2026 04 22 09:57:12.236#Z#DEBUG#59cafa26-3e31-11f1-8b07-eeee0a9d4f34.employee-crud-app-srv#flowable-async-job-executor-thread-2704#
[PollStartAppStatusExecution] bc6807b5-41e6-4e0d-a660-4fd9ed69852c [2026-04-22T09:57:02.130572] {"level":"info","logger":"cds","timestamp":"2026-04-22T09:57:02.130Z","layer":"cds","component_type":"application","container_id":"10.32.2.7","component_id":"bc6807b5-41e6-4e0d-a660-4fd9ed69852c","component_name":"employee-crud-app-srv","component_instance":0,"source_instance":0,"organization_name":"d81307d4trial","organization_id":"6d25488f-8b80-4324-96aa-6ef1d1540765","space_name":"dev","space_id":"0db2cbad-1f3e-431f-b895-44d3b936a3af","msg":"server v9.8.5 launched in 936 ms","type":"log"} (STDOUT, APP/PROC/WEB)#
#2026 04 22 09:57:12.236#Z#DEBUG#59cafa26-3e31-11f1-8b07-eeee0a9d4f34.employee-crud-app-srv#flowable-async-job-executor-thread-2704#
[PollStartAppStatusExecution] bc6807b5-41e6-4e0d-a660-4fd9ed69852c [2026-04-22T09:57:03.427051] Container became healthy (STDOUT, CELL)#
#2026 04 22 09:57:12.236#Z#DEBUG#59cafa26-3e31-11f1-8b07-eeee0a9d4f34.employee-crud-app-srv#flowable-async-job-executor-thread-2704#
[PollStartAppStatusExecution] bc6807b5-41e6-4e0d-a660-4fd9ed69852c [2026-04-22T09:57:03.460611] Process became ready with guid bc6807b5-41e6-4e0d-a660-4fd9ed69852c payload: {"instance"=>"a93892a2-24ff-41b5-7f82-a088", "index"=>0, "cell_id"=>"3697da87-6170-41a4-acb7-9186f1527dfa", "ready"=>true, "version"=>"5c239fb7-e27a-4674-9e7f-a08857e62f15"} (STDOUT, API)#
