#2026 04 22 09:56:21.879#Z#DEBUG#59cafa26-3e31-11f1-8b07-eeee0a9d4f34.employee-crud-app#flowable-async-job-executor-thread-2664#
[PollStageAppStatusExecution] 02c3d957-fcd0-4a46-8a6d-de1b4f042365 [2026-04-22T09:55:43.034506] Added process: "web" (STDOUT, API)#
#2026 04 22 09:56:21.879#Z#DEBUG#59cafa26-3e31-11f1-8b07-eeee0a9d4f34.employee-crud-app#flowable-async-job-executor-thread-2664#
[PollStageAppStatusExecution] 02c3d957-fcd0-4a46-8a6d-de1b4f042365 [2026-04-22T09:55:43.042686] Created app with guid 02c3d957-fcd0-4a46-8a6d-de1b4f042365 (STDOUT, API)#
#2026 04 22 09:56:21.879#Z#DEBUG#59cafa26-3e31-11f1-8b07-eeee0a9d4f34.employee-crud-app#flowable-async-job-executor-thread-2664#
[PollStageAppStatusExecution] 02c3d957-fcd0-4a46-8a6d-de1b4f042365 [2026-04-22T09:55:43.175972] Updating process: "web" (STDOUT, API)#
#2026 04 22 09:56:21.879#Z#DEBUG#59cafa26-3e31-11f1-8b07-eeee0a9d4f34.employee-crud-app#flowable-async-job-executor-thread-2664#
[PollStageAppStatusExecution] 02c3d957-fcd0-4a46-8a6d-de1b4f042365 [2026-04-22T09:55:43.281443] Scaling process: "web" (STDOUT, API)#
#2026 04 22 09:56:21.879#Z#DEBUG#59cafa26-3e31-11f1-8b07-eeee0a9d4f34.employee-crud-app#flowable-async-job-executor-thread-2664#
[PollStageAppStatusExecution] 02c3d957-fcd0-4a46-8a6d-de1b4f042365 [2026-04-22T09:56:02.161574] Uploading app package for app with guid 02c3d957-fcd0-4a46-8a6d-de1b4f042365 (STDOUT, API)#
#2026 04 22 09:56:21.879#Z#DEBUG#59cafa26-3e31-11f1-8b07-eeee0a9d4f34.employee-crud-app#flowable-async-job-executor-thread-2664#
[PollStageAppStatusExecution] 02c3d957-fcd0-4a46-8a6d-de1b4f042365 [2026-04-22T09:56:02.386992] Updated app with guid 02c3d957-fcd0-4a46-8a6d-de1b4f042365 ({"environment_variables"=>"[PRIVATE DATA HIDDEN]"}) (STDOUT, API)#
#2026 04 22 09:56:21.879#Z#DEBUG#59cafa26-3e31-11f1-8b07-eeee0a9d4f34.employee-crud-app#flowable-async-job-executor-thread-2664#
[PollStageAppStatusExecution] 02c3d957-fcd0-4a46-8a6d-de1b4f042365 [2026-04-22T09:56:11.764250] Creating build for app with guid 02c3d957-fcd0-4a46-8a6d-de1b4f042365 (STDOUT, API)#
#2026 04 22 09:56:21.879#Z#DEBUG#59cafa26-3e31-11f1-8b07-eeee0a9d4f34.employee-crud-app#flowable-async-job-executor-thread-2664#
[PollStageAppStatusExecution] 02c3d957-fcd0-4a46-8a6d-de1b4f042365 [2026-04-22T09:56:12.960026] Downloading zero_trust_sidecar_buildpack_1_15... (STDOUT, STG)#
#2026 04 22 09:56:21.879#Z#DEBUG#59cafa26-3e31-11f1-8b07-eeee0a9d4f34.employee-crud-app#flowable-async-job-executor-thread-2664#
[PollStageAppStatusExecution] 02c3d957-fcd0-4a46-8a6d-de1b4f042365 [2026-04-22T09:56:12.960071] Downloading nginx_buildpack... (STDOUT, STG)#
#2026 04 22 09:56:21.879#Z#DEBUG#59cafa26-3e31-11f1-8b07-eeee0a9d4f34.employee-crud-app#flowable-async-job-executor-thread-2664#
[PollStageAppStatusExecution] 02c3d957-fcd0-4a46-8a6d-de1b4f042365 [2026-04-22T09:56:12.960080] Downloading sap_java_buildpack_jakarta_2_53... (STDOUT, STG)#
#2026 04 22 09:56:21.879#Z#DEBUG#59cafa26-3e31-11f1-8b07-eeee0a9d4f34.employee-crud-app#flowable-async-job-executor-thread-2664#
[PollStageAppStatusExecution] 02c3d957-fcd0-4a46-8a6d-de1b4f042365 [2026-04-22T09:56:12.960139] Downloading sap_java_buildpack_jakarta... (STDOUT, STG)#
#2026 04 22 09:56:21.879#Z#DEBUG#59cafa26-3e31-11f1-8b07-eeee0a9d4f34.employee-crud-app#flowable-async-job-executor-thread-2664#
[PollStageAppStatusExecution] 02c3d957-fcd0-4a46-8a6d-de1b4f042365 [2026-04-22T09:56:12.960146] Downloading sap_java_buildpack_jakarta_2_55... (STDOUT, STG)#
#2026 04 22 09:56:21.879#Z#DEBUG#59cafa26-3e31-11f1-8b07-eeee0a9d4f34.employee-crud-app#flowable-async-job-executor-thread-2664#
[PollStageAppStatusExecution] 02c3d957-fcd0-4a46-8a6d-de1b4f042365 [2026-04-22T09:56:14.033653] Downloaded zero_trust_sidecar_buildpack_1_15 (31.1M) (STDOUT, STG)#
#2026 04 22 09:56:21.879#Z#DEBUG#59cafa26-3e31-11f1-8b07-eeee0a9d4f34.employee-crud-app#flowable-async-job-executor-thread-2664#
[PollStageAppStatusExecution] 02c3d957-fcd0-4a46-8a6d-de1b4f042365 [2026-04-22T09:56:14.050308] Downloading staticfile_buildpack... (STDOUT, STG)#
#2026 04 22 09:56:21.879#Z#DEBUG#59cafa26-3e31-11f1-8b07-eeee0a9d4f34.employee-crud-app#flowable-async-job-executor-thread-2664#
[PollStageAppStatusExecution] 02c3d957-fcd0-4a46-8a6d-de1b4f042365 [2026-04-22T09:56:14.193996] Downloaded nginx_buildpack (55.5M) (STDOUT, STG)#
#2026 04 22 09:56:21.879#Z#DEBUG#59cafa26-3e31-11f1-8b07-eeee0a9d4f34.employee-crud-app#flowable-async-job-executor-thread-2664#
[PollStageAppStatusExecution] 02c3d957-fcd0-4a46-8a6d-de1b4f042365 [2026-04-22T09:56:14.194030] Downloading java_buildpack... (STDOUT, STG)#
#2026 04 22 09:56:21.879#Z#DEBUG#59cafa26-3e31-11f1-8b07-eeee0a9d4f34.employee-crud-app#flowable-async-job-executor-thread-2664#
[PollStageAppStatusExecution] 02c3d957-fcd0-4a46-8a6d-de1b4f042365 [2026-04-22T09:56:14.491429] Downloaded staticfile_buildpack (13.2M) (STDOUT, STG)#
#2026 04 22 09:56:21.879#Z#DEBUG#59cafa26-3e31-11f1-8b07-eeee0a9d4f34.employee-crud-app#flowable-async-job-executor-thread-2664#
[PollStageAppStatusExecution] 02c3d957-fcd0-4a46-8a6d-de1b4f042365 [2026-04-22T09:56:14.491467] Downloading nodejs_buildpack... (STDOUT, STG)#
#2026 04 22 09:56:21.879#Z#DEBUG#59cafa26-3e31-11f1-8b07-eeee0a9d4f34.employee-crud-app#flowable-async-job-executor-thread-2664#
[PollStageAppStatusExecution] 02c3d957-fcd0-4a46-8a6d-de1b4f042365 [2026-04-22T09:56:14.509034] Downloaded nodejs_buildpack (STDOUT, STG)#
#2026 04 22 09:56:21.879#Z#DEBUG#59cafa26-3e31-11f1-8b07-eeee0a9d4f34.employee-crud-app#flowable-async-job-executor-thread-2664#
[PollStageAppStatusExecution] 02c3d957-fcd0-4a46-8a6d-de1b4f042365 [2026-04-22T09:56:14.509053] Downloading go_buildpack... (STDOUT, STG)#
#2026 04 22 09:56:21.879#Z#DEBUG#59cafa26-3e31-11f1-8b07-eeee0a9d4f34.employee-crud-app#flowable-async-job-executor-thread-2664#
[PollStageAppStatusExecution] 02c3d957-fcd0-4a46-8a6d-de1b4f042365 [2026-04-22T09:56:18.262165] Downloaded go_buildpack (232.1M) (STDOUT, STG)#
#2026 04 22 09:56:21.879#Z#DEBUG#59cafa26-3e31-11f1-8b07-eeee0a9d4f34.employee-crud-app#flowable-async-job-executor-thread-2664#
[PollStageAppStatusExecution] 02c3d957-fcd0-4a46-8a6d-de1b4f042365 [2026-04-22T09:56:18.262194] Downloading python_buildpack... (STDOUT, STG)#
#2026 04 22 09:56:21.879#Z#DEBUG#59cafa26-3e31-11f1-8b07-eeee0a9d4f34.employee-crud-app#flowable-async-job-executor-thread-2664#
[PollStageAppStatusExecution] 02c3d957-fcd0-4a46-8a6d-de1b4f042365 [2026-04-22T09:56:18.944212] Downloaded sap_java_buildpack_jakarta_2_55 (356.6M) (STDOUT, STG)#
#2026 04 22 09:56:21.879#Z#DEBUG#59cafa26-3e31-11f1-8b07-eeee0a9d4f34.employee-crud-app#flowable-async-job-executor-thread-2664#
[PollStageAppStatusExecution] 02c3d957-fcd0-4a46-8a6d-de1b4f042365 [2026-04-22T09:56:18.944246] Downloading php_buildpack... (STDOUT, STG)#
#2026 04 22 09:56:21.879#Z#DEBUG#59cafa26-3e31-11f1-8b07-eeee0a9d4f34.employee-crud-app#flowable-async-job-executor-thread-2664#
[PollStageAppStatusExecution] 02c3d957-fcd0-4a46-8a6d-de1b4f042365 [2026-04-22T09:56:19.483071] Downloaded sap_java_buildpack_jakarta_2_53 (356.4M) (STDOUT, STG)#
#2026 04 22 09:56:21.879#Z#DEBUG#59cafa26-3e31-11f1-8b07-eeee0a9d4f34.employee-crud-app#flowable-async-job-executor-thread-2664#
[PollStageAppStatusExecution] 02c3d957-fcd0-4a46-8a6d-de1b4f042365 [2026-04-22T09:56:19.483150] Downloading zero_trust_sidecar_buildpack_1_13... (STDOUT, STG)#
#2026 04 22 09:56:21.879#Z#DEBUG#59cafa26-3e31-11f1-8b07-eeee0a9d4f34.employee-crud-app#flowable-async-job-executor-thread-2664#
[PollStageAppStatusExecution] 02c3d957-fcd0-4a46-8a6d-de1b4f042365 [2026-04-22T09:56:20.104742] Downloaded sap_java_buildpack_jakarta (356.6M) (STDOUT, STG)#
#2026 04 22 09:56:21.879#Z#DEBUG#59cafa26-3e31-11f1-8b07-eeee0a9d4f34.employee-crud-app#flowable-async-job-executor-thread-2664#
[PollStageAppStatusExecution] 02c3d957-fcd0-4a46-8a6d-de1b4f042365 [2026-04-22T09:56:20.104771] Downloading sap_java_buildpack_jakarta_2_51... (STDOUT, STG)#
#2026 04 22 09:56:21.879#Z#DEBUG#59cafa26-3e31-11f1-8b07-eeee0a9d4f34.employee-crud-app#flowable-async-job-executor-thread-2664#
[PollStageAppStatusExecution] 02c3d957-fcd0-4a46-8a6d-de1b4f042365 [2026-04-22T09:56:21.111587] Downloaded zero_trust_sidecar_buildpack_1_13 (31.1M) (STDOUT, STG)#
#2026 04 22 09:56:21.879#Z#DEBUG#59cafa26-3e31-11f1-8b07-eeee0a9d4f34.employee-crud-app#flowable-async-job-executor-thread-2664#
[PollStageAppStatusExecution] 02c3d957-fcd0-4a46-8a6d-de1b4f042365 [2026-04-22T09:56:21.111623] Downloading zero_trust_sidecar_buildpack_1_14... (STDOUT, STG)#
#2026 04 22 09:56:31.725#Z#DEBUG#59cafa26-3e31-11f1-8b07-eeee0a9d4f34.employee-crud-app#flowable-async-job-executor-thread-2674#
[PollStageAppStatusExecution] 02c3d957-fcd0-4a46-8a6d-de1b4f042365 [2026-04-22T09:56:22.134506] Downloaded zero_trust_sidecar_buildpack_1_14 (31.1M) (STDOUT, STG)#
#2026 04 22 09:56:31.725#Z#DEBUG#59cafa26-3e31-11f1-8b07-eeee0a9d4f34.employee-crud-app#flowable-async-job-executor-thread-2674#
[PollStageAppStatusExecution] 02c3d957-fcd0-4a46-8a6d-de1b4f042365 [2026-04-22T09:56:22.134545] Downloading zero_trust_sidecar_buildpack... (STDOUT, STG)#
#2026 04 22 09:56:31.725#Z#DEBUG#59cafa26-3e31-11f1-8b07-eeee0a9d4f34.employee-crud-app#flowable-async-job-executor-thread-2674#
[PollStageAppStatusExecution] 02c3d957-fcd0-4a46-8a6d-de1b4f042365 [2026-04-22T09:56:23.182117] Downloaded zero_trust_sidecar_buildpack (31.1M) (STDOUT, STG)#
#2026 04 22 09:56:31.725#Z#DEBUG#59cafa26-3e31-11f1-8b07-eeee0a9d4f34.employee-crud-app#flowable-async-job-executor-thread-2674#
[PollStageAppStatusExecution] 02c3d957-fcd0-4a46-8a6d-de1b4f042365 [2026-04-22T09:56:23.182155] Downloading binary_buildpack... (STDOUT, STG)#
#2026 04 22 09:56:31.725#Z#DEBUG#59cafa26-3e31-11f1-8b07-eeee0a9d4f34.employee-crud-app#flowable-async-job-executor-thread-2674#
[PollStageAppStatusExecution] 02c3d957-fcd0-4a46-8a6d-de1b4f042365 [2026-04-22T09:56:23.483327] Downloaded binary_buildpack (6.6M) (STDOUT, STG)#
#2026 04 22 09:56:31.725#Z#DEBUG#59cafa26-3e31-11f1-8b07-eeee0a9d4f34.employee-crud-app#flowable-async-job-executor-thread-2674#
[PollStageAppStatusExecution] 02c3d957-fcd0-4a46-8a6d-de1b4f042365 [2026-04-22T09:56:25.803045] Downloaded sap_java_buildpack_jakarta_2_51 (356.4M) (STDOUT, STG)#
#2026 04 22 09:56:31.725#Z#DEBUG#59cafa26-3e31-11f1-8b07-eeee0a9d4f34.employee-crud-app#flowable-async-job-executor-thread-2674#
[PollStageAppStatusExecution] 02c3d957-fcd0-4a46-8a6d-de1b4f042365 [2026-04-22T09:56:28.704434] Downloaded java_buildpack (902M) (STDOUT, STG)#
#2026 04 22 09:56:41.829#Z#DEBUG#59cafa26-3e31-11f1-8b07-eeee0a9d4f34.employee-crud-app#flowable-async-job-executor-thread-2678#
[PollStageAppStatusExecution] 02c3d957-fcd0-4a46-8a6d-de1b4f042365 [2026-04-22T09:56:32.199834] Downloaded python_buildpack (756.1M) (STDOUT, STG)#
#2026 04 22 09:56:41.829#Z#DEBUG#59cafa26-3e31-11f1-8b07-eeee0a9d4f34.employee-crud-app#flowable-async-job-executor-thread-2678#
[PollStageAppStatusExecution] 02c3d957-fcd0-4a46-8a6d-de1b4f042365 [2026-04-22T09:56:33.291751] Downloaded php_buildpack (659.1M) (STDOUT, STG)#
#2026 04 22 09:56:41.829#Z#DEBUG#59cafa26-3e31-11f1-8b07-eeee0a9d4f34.employee-crud-app#flowable-async-job-executor-thread-2678#
[PollStageAppStatusExecution] 02c3d957-fcd0-4a46-8a6d-de1b4f042365 [2026-04-22T09:56:33.291825] Cell 4401fcd0-006d-4ceb-9b51-aa22a1b186cf creating container for instance 43fdaa17-ac9a-4714-90aa-be56c24f405e (STDOUT, STG)#
#2026 04 22 09:56:41.829#Z#DEBUG#59cafa26-3e31-11f1-8b07-eeee0a9d4f34.employee-crud-app#flowable-async-job-executor-thread-2678#
[PollStageAppStatusExecution] 02c3d957-fcd0-4a46-8a6d-de1b4f042365 [2026-04-22T09:56:33.661978] Security group rules were updated (STDOUT, STG)#
#2026 04 22 09:56:41.829#Z#DEBUG#59cafa26-3e31-11f1-8b07-eeee0a9d4f34.employee-crud-app#flowable-async-job-executor-thread-2678#
[PollStageAppStatusExecution] 02c3d957-fcd0-4a46-8a6d-de1b4f042365 [2026-04-22T09:56:33.719353] Cell 4401fcd0-006d-4ceb-9b51-aa22a1b186cf successfully created container for instance 43fdaa17-ac9a-4714-90aa-be56c24f405e (STDOUT, STG)#
#2026 04 22 09:56:41.829#Z#DEBUG#59cafa26-3e31-11f1-8b07-eeee0a9d4f34.employee-crud-app#flowable-async-job-executor-thread-2678#
[PollStageAppStatusExecution] 02c3d957-fcd0-4a46-8a6d-de1b4f042365 [2026-04-22T09:56:34.493963] Downloading app package... (STDOUT, STG)#
#2026 04 22 09:56:41.829#Z#DEBUG#59cafa26-3e31-11f1-8b07-eeee0a9d4f34.employee-crud-app#flowable-async-job-executor-thread-2678#
[PollStageAppStatusExecution] 02c3d957-fcd0-4a46-8a6d-de1b4f042365 [2026-04-22T09:56:35.309903] Downloaded app package (6.4M) (STDOUT, STG)#
#2026 04 22 09:56:41.829#Z#DEBUG#59cafa26-3e31-11f1-8b07-eeee0a9d4f34.employee-crud-app#flowable-async-job-executor-thread-2678#
[PollStageAppStatusExecution] 02c3d957-fcd0-4a46-8a6d-de1b4f042365 [2026-04-22T09:56:35.808581] -----> Nodejs Buildpack version 1.8.44 (STDOUT, STG)#
#2026 04 22 09:56:41.829#Z#DEBUG#59cafa26-3e31-11f1-8b07-eeee0a9d4f34.employee-crud-app#flowable-async-job-executor-thread-2678#
[PollStageAppStatusExecution] 02c3d957-fcd0-4a46-8a6d-de1b4f042365 [2026-04-22T09:56:36.097656] -----> Bootstrapping python (STDOUT, STG)#
#2026 04 22 09:56:41.829#Z#DEBUG#59cafa26-3e31-11f1-8b07-eeee0a9d4f34.employee-crud-app#flowable-async-job-executor-thread-2678#
[PollStageAppStatusExecution] 02c3d957-fcd0-4a46-8a6d-de1b4f042365 [2026-04-22T09:56:36.097669] -----> Installing python 3.11.14 (STDOUT, STG)#
#2026 04 22 09:56:41.829#Z#DEBUG#59cafa26-3e31-11f1-8b07-eeee0a9d4f34.employee-crud-app#flowable-async-job-executor-thread-2678#
[PollStageAppStatusExecution] 02c3d957-fcd0-4a46-8a6d-de1b4f042365 [2026-04-22T09:56:36.097714] Copy [/tmp/buildpacks/ee597f2be8090397/dependencies/b5e0345ae0ae1932e7d56fffaa49a487/python_3.11.14_linux_x64_cflinuxfs4_66f53248.tgz] (STDOUT, STG)#
#2026 04 22 09:56:41.829#Z#DEBUG#59cafa26-3e31-11f1-8b07-eeee0a9d4f34.employee-crud-app#flowable-async-job-executor-thread-2678#
[PollStageAppStatusExecution] 02c3d957-fcd0-4a46-8a6d-de1b4f042365 [2026-04-22T09:56:39.257065] -----> Installing binaries (STDOUT, STG)#
#2026 04 22 09:56:41.829#Z#DEBUG#59cafa26-3e31-11f1-8b07-eeee0a9d4f34.employee-crud-app#flowable-async-job-executor-thread-2678#
[PollStageAppStatusExecution] 02c3d957-fcd0-4a46-8a6d-de1b4f042365 [2026-04-22T09:56:39.257086] engines.node (package.json): unspecified (STDOUT, STG)#
#2026 04 22 09:56:41.829#Z#DEBUG#59cafa26-3e31-11f1-8b07-eeee0a9d4f34.employee-crud-app#flowable-async-job-executor-thread-2678#
[PollStageAppStatusExecution] 02c3d957-fcd0-4a46-8a6d-de1b4f042365 [2026-04-22T09:56:39.257090] engines.npm (package.json): unspecified (use default) (STDOUT, STG)#
#2026 04 22 09:56:41.829#Z#DEBUG#59cafa26-3e31-11f1-8b07-eeee0a9d4f34.employee-crud-app#flowable-async-job-executor-thread-2678#
[PollStageAppStatusExecution] 02c3d957-fcd0-4a46-8a6d-de1b4f042365 [2026-04-22T09:56:39.257093] [31;1m**WARNING**[0m Node version not specified in package.json or .nvmrc. See: http://docs.cloudfoundry.org/buildpacks/node/node-tips.html (STDOUT, STG)#
#2026 04 22 09:56:41.829#Z#DEBUG#59cafa26-3e31-11f1-8b07-eeee0a9d4f34.employee-crud-app#flowable-async-job-executor-thread-2678#
[PollStageAppStatusExecution] 02c3d957-fcd0-4a46-8a6d-de1b4f042365 [2026-04-22T09:56:39.257109] -----> Installing node 22.22.0 (STDOUT, STG)#
#2026 04 22 09:56:41.829#Z#DEBUG#59cafa26-3e31-11f1-8b07-eeee0a9d4f34.employee-crud-app#flowable-async-job-executor-thread-2678#
[PollStageAppStatusExecution] 02c3d957-fcd0-4a46-8a6d-de1b4f042365 [2026-04-22T09:56:39.257180] Copy [/tmp/buildpacks/ee597f2be8090397/dependencies/65c50d3a8311e7796847437aebc5aebd/node_22.22.0_linux_x64_cflinuxfs4_a73ffe6d.tgz] (STDOUT, STG)#
#2026 04 22 09:56:41.829#Z#DEBUG#59cafa26-3e31-11f1-8b07-eeee0a9d4f34.employee-crud-app#flowable-async-job-executor-thread-2678#
[PollStageAppStatusExecution] 02c3d957-fcd0-4a46-8a6d-de1b4f042365 [2026-04-22T09:56:41.197478] Using default npm version: 10.9.4 (STDOUT, STG)#
#2026 04 22 09:56:41.829#Z#DEBUG#59cafa26-3e31-11f1-8b07-eeee0a9d4f34.employee-crud-app#flowable-async-job-executor-thread-2678#
[PollStageAppStatusExecution] 02c3d957-fcd0-4a46-8a6d-de1b4f042365 [2026-04-22T09:56:41.197497] -----> Installing yarn 1.22.22 (STDOUT, STG)#
#2026 04 22 09:56:41.829#Z#DEBUG#59cafa26-3e31-11f1-8b07-eeee0a9d4f34.employee-crud-app#flowable-async-job-executor-thread-2678#
[PollStageAppStatusExecution] 02c3d957-fcd0-4a46-8a6d-de1b4f042365 [2026-04-22T09:56:41.197509] Copy [/tmp/buildpacks/ee597f2be8090397/dependencies/e3a39aedd1236924d69cc2d0637a8ed2/yarn_1.22.22_linux_noarch_any-stack_4911d0a6.tgz] (STDOUT, STG)#
#2026 04 22 09:56:51.968#Z#DEBUG#59cafa26-3e31-11f1-8b07-eeee0a9d4f34.employee-crud-app#flowable-async-job-executor-thread-2689#
[PollStageAppStatusExecution] 02c3d957-fcd0-4a46-8a6d-de1b4f042365 [2026-04-22T09:56:41.467975] Installed yarn 1.22.22 (STDOUT, STG)#
#2026 04 22 09:56:51.968#Z#DEBUG#59cafa26-3e31-11f1-8b07-eeee0a9d4f34.employee-crud-app#flowable-async-job-executor-thread-2689#
[PollStageAppStatusExecution] 02c3d957-fcd0-4a46-8a6d-de1b4f042365 [2026-04-22T09:56:41.467997] -----> Creating runtime environment (STDOUT, STG)#
#2026 04 22 09:56:51.968#Z#DEBUG#59cafa26-3e31-11f1-8b07-eeee0a9d4f34.employee-crud-app#flowable-async-job-executor-thread-2689#
[PollStageAppStatusExecution] 02c3d957-fcd0-4a46-8a6d-de1b4f042365 [2026-04-22T09:56:41.469555] [34;1mPRO TIP:[0m Warning: package-lock.json not found. The buildpack may reach out to the internet to download module updates, even if they are vendored. (STDOUT, STG)#
#2026 04 22 09:56:51.968#Z#DEBUG#59cafa26-3e31-11f1-8b07-eeee0a9d4f34.employee-crud-app#flowable-async-job-executor-thread-2689#
[PollStageAppStatusExecution] 02c3d957-fcd0-4a46-8a6d-de1b4f042365 [2026-04-22T09:56:41.469577] Visit https://docs.cloudfoundry.org/buildpacks/node/index.html#offline_environments (STDOUT, STG)#
#2026 04 22 09:56:51.968#Z#DEBUG#59cafa26-3e31-11f1-8b07-eeee0a9d4f34.employee-crud-app#flowable-async-job-executor-thread-2689#
[PollStageAppStatusExecution] 02c3d957-fcd0-4a46-8a6d-de1b4f042365 [2026-04-22T09:56:41.469585] [34;1mPRO TIP:[0m Warning: package-lock.json not found. The buildpack may reach out to the internet to download module updates, even if they are vendored. (STDOUT, STG)#
#2026 04 22 09:56:51.968#Z#DEBUG#59cafa26-3e31-11f1-8b07-eeee0a9d4f34.employee-crud-app#flowable-async-job-executor-thread-2689#
[PollStageAppStatusExecution] 02c3d957-fcd0-4a46-8a6d-de1b4f042365 [2026-04-22T09:56:41.469592] Visit https://docs.cloudfoundry.org/buildpacks/node/index.html#offline_environments (STDOUT, STG)#
#2026 04 22 09:56:51.968#Z#DEBUG#59cafa26-3e31-11f1-8b07-eeee0a9d4f34.employee-crud-app#flowable-async-job-executor-thread-2689#
[PollStageAppStatusExecution] 02c3d957-fcd0-4a46-8a6d-de1b4f042365 [2026-04-22T09:56:41.469596] NODE_ENV=production (STDOUT, STG)#
#2026 04 22 09:56:51.968#Z#DEBUG#59cafa26-3e31-11f1-8b07-eeee0a9d4f34.employee-crud-app#flowable-async-job-executor-thread-2689#
[PollStageAppStatusExecution] 02c3d957-fcd0-4a46-8a6d-de1b4f042365 [2026-04-22T09:56:41.469599] NODE_HOME=/tmp/contents102836968/deps/0/node (STDOUT, STG)#
#2026 04 22 09:56:51.968#Z#DEBUG#59cafa26-3e31-11f1-8b07-eeee0a9d4f34.employee-crud-app#flowable-async-job-executor-thread-2689#
[PollStageAppStatusExecution] 02c3d957-fcd0-4a46-8a6d-de1b4f042365 [2026-04-22T09:56:41.469602] NODE_MODULES_CACHE=true (STDOUT, STG)#
#2026 04 22 09:56:51.968#Z#DEBUG#59cafa26-3e31-11f1-8b07-eeee0a9d4f34.employee-crud-app#flowable-async-job-executor-thread-2689#
[PollStageAppStatusExecution] 02c3d957-fcd0-4a46-8a6d-de1b4f042365 [2026-04-22T09:56:41.469604] NODE_VERBOSE=false (STDOUT, STG)#
#2026 04 22 09:56:51.968#Z#DEBUG#59cafa26-3e31-11f1-8b07-eeee0a9d4f34.employee-crud-app#flowable-async-job-executor-thread-2689#
[PollStageAppStatusExecution] 02c3d957-fcd0-4a46-8a6d-de1b4f042365 [2026-04-22T09:56:41.469607] NPM_CONFIG_LOGLEVEL=error (STDOUT, STG)#
#2026 04 22 09:56:51.968#Z#DEBUG#59cafa26-3e31-11f1-8b07-eeee0a9d4f34.employee-crud-app#flowable-async-job-executor-thread-2689#
[PollStageAppStatusExecution] 02c3d957-fcd0-4a46-8a6d-de1b4f042365 [2026-04-22T09:56:41.469611] NPM_CONFIG_PRODUCTION=true (STDOUT, STG)#
#2026 04 22 09:56:51.968#Z#DEBUG#59cafa26-3e31-11f1-8b07-eeee0a9d4f34.employee-crud-app#flowable-async-job-executor-thread-2689#
[PollStageAppStatusExecution] 02c3d957-fcd0-4a46-8a6d-de1b4f042365 [2026-04-22T09:56:41.469613] -----> Building dependencies (STDOUT, STG)#
#2026 04 22 09:56:51.968#Z#DEBUG#59cafa26-3e31-11f1-8b07-eeee0a9d4f34.employee-crud-app#flowable-async-job-executor-thread-2689#
[PollStageAppStatusExecution] 02c3d957-fcd0-4a46-8a6d-de1b4f042365 [2026-04-22T09:56:41.469615] Prebuild detected (node_modules already exists) (STDOUT, STG)#
#2026 04 22 09:56:51.968#Z#DEBUG#59cafa26-3e31-11f1-8b07-eeee0a9d4f34.employee-crud-app#flowable-async-job-executor-thread-2689#
[PollStageAppStatusExecution] 02c3d957-fcd0-4a46-8a6d-de1b4f042365 [2026-04-22T09:56:41.469617] Rebuilding any native modules (STDOUT, STG)#
#2026 04 22 09:56:51.968#Z#DEBUG#59cafa26-3e31-11f1-8b07-eeee0a9d4f34.employee-crud-app#flowable-async-job-executor-thread-2689#
[PollStageAppStatusExecution] 02c3d957-fcd0-4a46-8a6d-de1b4f042365 [2026-04-22T09:56:42.009493] rebuilt dependencies successfully (STDOUT, STG)#
#2026 04 22 09:56:51.968#Z#DEBUG#59cafa26-3e31-11f1-8b07-eeee0a9d4f34.employee-crud-app#flowable-async-job-executor-thread-2689#
[PollStageAppStatusExecution] 02c3d957-fcd0-4a46-8a6d-de1b4f042365 [2026-04-22T09:56:42.010375] npm notice (STDOUT, STG)#
#2026 04 22 09:56:51.968#Z#DEBUG#59cafa26-3e31-11f1-8b07-eeee0a9d4f34.employee-crud-app#flowable-async-job-executor-thread-2689#
[PollStageAppStatusExecution] 02c3d957-fcd0-4a46-8a6d-de1b4f042365 [2026-04-22T09:56:42.010387] npm notice New major version of npm available! 10.9.4 -> 11.12.1 (STDOUT, STG)#
#2026 04 22 09:56:51.968#Z#DEBUG#59cafa26-3e31-11f1-8b07-eeee0a9d4f34.employee-crud-app#flowable-async-job-executor-thread-2689#
[PollStageAppStatusExecution] 02c3d957-fcd0-4a46-8a6d-de1b4f042365 [2026-04-22T09:56:42.010390] npm notice Changelog: https://github.com/npm/cli/releases/tag/v11.12.1 (STDOUT, STG)#
#2026 04 22 09:56:51.968#Z#DEBUG#59cafa26-3e31-11f1-8b07-eeee0a9d4f34.employee-crud-app#flowable-async-job-executor-thread-2689#
[PollStageAppStatusExecution] 02c3d957-fcd0-4a46-8a6d-de1b4f042365 [2026-04-22T09:56:42.010392] npm notice To update run: npm install -g npm@11.12.1 (STDOUT, STG)#
#2026 04 22 09:56:51.968#Z#DEBUG#59cafa26-3e31-11f1-8b07-eeee0a9d4f34.employee-crud-app#flowable-async-job-executor-thread-2689#
[PollStageAppStatusExecution] 02c3d957-fcd0-4a46-8a6d-de1b4f042365 [2026-04-22T09:56:42.010394] npm notice (STDOUT, STG)#
#2026 04 22 09:56:51.968#Z#DEBUG#59cafa26-3e31-11f1-8b07-eeee0a9d4f34.employee-crud-app#flowable-async-job-executor-thread-2689#
[PollStageAppStatusExecution] 02c3d957-fcd0-4a46-8a6d-de1b4f042365 [2026-04-22T09:56:42.066682] Installing any new modules (package.json) (STDOUT, STG)#
#2026 04 22 09:56:51.968#Z#DEBUG#59cafa26-3e31-11f1-8b07-eeee0a9d4f34.employee-crud-app#flowable-async-job-executor-thread-2689#
[PollStageAppStatusExecution] 02c3d957-fcd0-4a46-8a6d-de1b4f042365 [2026-04-22T09:56:46.130089] added 103 packages, and removed 40 packages in 4s (STDOUT, STG)#
#2026 04 22 09:56:51.968#Z#DEBUG#59cafa26-3e31-11f1-8b07-eeee0a9d4f34.employee-crud-app#flowable-async-job-executor-thread-2689#
[PollStageAppStatusExecution] 02c3d957-fcd0-4a46-8a6d-de1b4f042365 [2026-04-22T09:56:46.130109] 16 packages are looking for funding (STDOUT, STG)#
#2026 04 22 09:56:51.968#Z#DEBUG#59cafa26-3e31-11f1-8b07-eeee0a9d4f34.employee-crud-app#flowable-async-job-executor-thread-2689#
[PollStageAppStatusExecution] 02c3d957-fcd0-4a46-8a6d-de1b4f042365 [2026-04-22T09:56:46.130114] run `npm fund` for details (STDOUT, STG)#
#2026 04 22 09:56:51.968#Z#DEBUG#59cafa26-3e31-11f1-8b07-eeee0a9d4f34.employee-crud-app#flowable-async-job-executor-thread-2689#
[PollStageAppStatusExecution] 02c3d957-fcd0-4a46-8a6d-de1b4f042365 [2026-04-22T09:56:46.874343] Contrast Security no credentials found. Will not write environment files. (STDOUT, STG)#
#2026 04 22 09:57:02.093#Z#DEBUG#59cafa26-3e31-11f1-8b07-eeee0a9d4f34.employee-crud-app#flowable-async-job-executor-thread-1228#
[PollStageAppStatusExecution] 02c3d957-fcd0-4a46-8a6d-de1b4f042365 [2026-04-22T09:56:56.808207] Exit status 0 (STDOUT, STG)#
#2026 04 22 09:57:02.093#Z#DEBUG#59cafa26-3e31-11f1-8b07-eeee0a9d4f34.employee-crud-app#flowable-async-job-executor-thread-1228#
[PollStageAppStatusExecution] 02c3d957-fcd0-4a46-8a6d-de1b4f042365 [2026-04-22T09:56:56.808252] Uploading droplet, build artifacts cache... (STDOUT, STG)#
#2026 04 22 09:57:02.093#Z#DEBUG#59cafa26-3e31-11f1-8b07-eeee0a9d4f34.employee-crud-app#flowable-async-job-executor-thread-1228#
[PollStageAppStatusExecution] 02c3d957-fcd0-4a46-8a6d-de1b4f042365 [2026-04-22T09:56:56.808277] Uploading build artifacts cache... (STDOUT, STG)#
#2026 04 22 09:57:02.093#Z#DEBUG#59cafa26-3e31-11f1-8b07-eeee0a9d4f34.employee-crud-app#flowable-async-job-executor-thread-1228#
[PollStageAppStatusExecution] 02c3d957-fcd0-4a46-8a6d-de1b4f042365 [2026-04-22T09:56:56.808296] Uploading droplet... (STDOUT, STG)#
#2026 04 22 09:57:02.093#Z#DEBUG#59cafa26-3e31-11f1-8b07-eeee0a9d4f34.employee-crud-app#flowable-async-job-executor-thread-1228#
[PollStageAppStatusExecution] 02c3d957-fcd0-4a46-8a6d-de1b4f042365 [2026-04-22T09:56:56.828897] Uploaded build artifacts cache (219B) (STDOUT, STG)#
#2026 04 22 09:57:02.093#Z#DEBUG#59cafa26-3e31-11f1-8b07-eeee0a9d4f34.employee-crud-app#flowable-async-job-executor-thread-1228#
[PollStageAppStatusExecution] 02c3d957-fcd0-4a46-8a6d-de1b4f042365 [2026-04-22T09:56:57.558939] Creating droplet for app with guid 02c3d957-fcd0-4a46-8a6d-de1b4f042365 (STDOUT, API)#
#2026 04 22 09:57:02.093#Z#DEBUG#59cafa26-3e31-11f1-8b07-eeee0a9d4f34.employee-crud-app#flowable-async-job-executor-thread-1228#
[PollStageAppStatusExecution] 02c3d957-fcd0-4a46-8a6d-de1b4f042365 [2026-04-22T09:57:00.643835] Uploaded droplet (62.4M) (STDOUT, STG)#
#2026 04 22 09:57:02.093#Z#DEBUG#59cafa26-3e31-11f1-8b07-eeee0a9d4f34.employee-crud-app#flowable-async-job-executor-thread-1228#
[PollStageAppStatusExecution] 02c3d957-fcd0-4a46-8a6d-de1b4f042365 [2026-04-22T09:57:00.658850] Uploading complete (STDOUT, STG)#
#2026 04 22 09:57:02.093#Z#DEBUG#59cafa26-3e31-11f1-8b07-eeee0a9d4f34.employee-crud-app#flowable-async-job-executor-thread-1228#
[PollStageAppStatusExecution] 02c3d957-fcd0-4a46-8a6d-de1b4f042365 [2026-04-22T09:57:01.028979] Cell 4401fcd0-006d-4ceb-9b51-aa22a1b186cf stopping instance 43fdaa17-ac9a-4714-90aa-be56c24f405e (STDOUT, STG)#
#2026 04 22 09:57:02.093#Z#DEBUG#59cafa26-3e31-11f1-8b07-eeee0a9d4f34.employee-crud-app#flowable-async-job-executor-thread-1228#
[PollStageAppStatusExecution] 02c3d957-fcd0-4a46-8a6d-de1b4f042365 [2026-04-22T09:57:01.029009] Cell 4401fcd0-006d-4ceb-9b51-aa22a1b186cf destroying container for instance 43fdaa17-ac9a-4714-90aa-be56c24f405e (STDOUT, STG)#
#2026 04 22 09:57:02.093#Z#DEBUG#59cafa26-3e31-11f1-8b07-eeee0a9d4f34.employee-crud-app#flowable-async-job-executor-thread-1228#
[PollStageAppStatusExecution] 02c3d957-fcd0-4a46-8a6d-de1b4f042365 [2026-04-22T09:57:01.115057] Staging complete for build 43fdaa17-ac9a-4714-90aa-be56c24f405e (STDOUT, API)#
#2026 04 22 09:57:12.493#Z#DEBUG#59cafa26-3e31-11f1-8b07-eeee0a9d4f34.employee-crud-app#flowable-async-job-executor-thread-2699#
[PollStartAppStatusExecution] 02c3d957-fcd0-4a46-8a6d-de1b4f042365 [2026-04-22T09:57:02.180990] Updated app with guid 02c3d957-fcd0-4a46-8a6d-de1b4f042365 ({:droplet_guid=>"115b0242-2bf0-4c6d-843f-3b38581fbb48"}) (STDOUT, API)#
#2026 04 22 09:57:12.493#Z#DEBUG#59cafa26-3e31-11f1-8b07-eeee0a9d4f34.employee-crud-app#flowable-async-job-executor-thread-2699#
[PollStartAppStatusExecution] 02c3d957-fcd0-4a46-8a6d-de1b4f042365 [2026-04-22T09:57:02.431199] Creating revision for app with guid 02c3d957-fcd0-4a46-8a6d-de1b4f042365 (STDOUT, API)#
#2026 04 22 09:57:12.493#Z#DEBUG#59cafa26-3e31-11f1-8b07-eeee0a9d4f34.employee-crud-app#flowable-async-job-executor-thread-2699#
[PollStartAppStatusExecution] 02c3d957-fcd0-4a46-8a6d-de1b4f042365 [2026-04-22T09:57:02.476775] Starting app with guid 02c3d957-fcd0-4a46-8a6d-de1b4f042365 (STDOUT, API)#
#2026 04 22 09:57:12.493#Z#DEBUG#59cafa26-3e31-11f1-8b07-eeee0a9d4f34.employee-crud-app#flowable-async-job-executor-thread-2699#
[PollStartAppStatusExecution] 02c3d957-fcd0-4a46-8a6d-de1b4f042365 [2026-04-22T09:57:02.715057] Cell 1ea14514-f0fe-461c-9aa9-a53bbe093b00 creating container for instance fb3d22fa-eb1c-425c-71fe-327a (STDOUT, CELL)#
#2026 04 22 09:57:12.493#Z#DEBUG#59cafa26-3e31-11f1-8b07-eeee0a9d4f34.employee-crud-app#flowable-async-job-executor-thread-2699#
[PollStartAppStatusExecution] 02c3d957-fcd0-4a46-8a6d-de1b4f042365 [2026-04-22T09:57:03.089767] Cell 4401fcd0-006d-4ceb-9b51-aa22a1b186cf successfully destroyed container for instance 43fdaa17-ac9a-4714-90aa-be56c24f405e (STDOUT, STG)#
#2026 04 22 09:57:12.493#Z#DEBUG#59cafa26-3e31-11f1-8b07-eeee0a9d4f34.employee-crud-app#flowable-async-job-executor-thread-2699#
[PollStartAppStatusExecution] 02c3d957-fcd0-4a46-8a6d-de1b4f042365 [2026-04-22T09:57:03.443807] Security group rules were updated (STDOUT, CELL)#
#2026 04 22 09:57:12.493#Z#DEBUG#59cafa26-3e31-11f1-8b07-eeee0a9d4f34.employee-crud-app#flowable-async-job-executor-thread-2699#
[PollStartAppStatusExecution] 02c3d957-fcd0-4a46-8a6d-de1b4f042365 [2026-04-22T09:57:03.688539] Cell 1ea14514-f0fe-461c-9aa9-a53bbe093b00 successfully created container for instance fb3d22fa-eb1c-425c-71fe-327a (STDOUT, CELL)#
#2026 04 22 09:57:12.493#Z#DEBUG#59cafa26-3e31-11f1-8b07-eeee0a9d4f34.employee-crud-app#flowable-async-job-executor-thread-2699#
[PollStartAppStatusExecution] 02c3d957-fcd0-4a46-8a6d-de1b4f042365 [2026-04-22T09:57:04.195071] Downloading droplet... (STDOUT, CELL)#
#2026 04 22 09:57:12.493#Z#DEBUG#59cafa26-3e31-11f1-8b07-eeee0a9d4f34.employee-crud-app#flowable-async-job-executor-thread-2699#
[PollStartAppStatusExecution] 02c3d957-fcd0-4a46-8a6d-de1b4f042365 [2026-04-22T09:57:10.355991] Downloaded droplet (62.4M) (STDOUT, CELL)#
#2026 04 22 09:57:12.493#Z#DEBUG#59cafa26-3e31-11f1-8b07-eeee0a9d4f34.employee-crud-app#flowable-async-job-executor-thread-2699#
[PollStartAppStatusExecution] 02c3d957-fcd0-4a46-8a6d-de1b4f042365 [2026-04-22T09:57:10.356226] Starting health monitoring of container (STDOUT, CELL)#
#2026 04 22 09:57:12.493#Z#DEBUG#59cafa26-3e31-11f1-8b07-eeee0a9d4f34.employee-crud-app#flowable-async-job-executor-thread-2699#
[PollStartAppStatusExecution] 02c3d957-fcd0-4a46-8a6d-de1b4f042365 [2026-04-22T09:57:10.529595] Invoking pre-start scripts. (STDOUT, APP/PROC/WEB)#
#2026 04 22 09:57:12.493#Z#DEBUG#59cafa26-3e31-11f1-8b07-eeee0a9d4f34.employee-crud-app#flowable-async-job-executor-thread-2699#
[PollStartAppStatusExecution] 02c3d957-fcd0-4a46-8a6d-de1b4f042365 [2026-04-22T09:57:10.854331] Invoking start command. (STDOUT, APP/PROC/WEB)#
#2026 04 22 09:57:12.493#Z#DEBUG#59cafa26-3e31-11f1-8b07-eeee0a9d4f34.employee-crud-app#flowable-async-job-executor-thread-2699#
[PollStartAppStatusExecution] 02c3d957-fcd0-4a46-8a6d-de1b4f042365 [2026-04-22T09:57:11.337755] > start (STDOUT, APP/PROC/WEB)#
#2026 04 22 09:57:12.493#Z#DEBUG#59cafa26-3e31-11f1-8b07-eeee0a9d4f34.employee-crud-app#flowable-async-job-executor-thread-2699#
[PollStartAppStatusExecution] 02c3d957-fcd0-4a46-8a6d-de1b4f042365 [2026-04-22T09:57:11.337779] > node node_modules/@sap/approuter/approuter.js (STDOUT, APP/PROC/WEB)#
#2026 04 22 09:57:12.493#Z#DEBUG#59cafa26-3e31-11f1-8b07-eeee0a9d4f34.employee-crud-app#flowable-async-job-executor-thread-2699#
[PollStartAppStatusExecution] 02c3d957-fcd0-4a46-8a6d-de1b4f042365 [2026-04-22T09:57:11.748941] {"written_at":"2026-04-22T09:57:11.746Z","written_ts":1776851831746000000,"csn_component":"-","correlation_id":"-","type":"log","logger":"nodejs-logger","layer":"/LoggingLibrary","level":"warning","container_id":"10.32.1.5","component_type":"application","component_id":"02c3d957-fcd0-4a46-8a6d-de1b4f042365","component_name":"employee-crud-app","component_instance":-1,"source_instance":-1,"organization_id":"6d25488f-8b80-4324-96aa-6ef1d1540765","organization_name":"d81307d4trial","space_id":"0db2cbad-1f3e-431f-b895-44d3b936a3af","space_name":"dev","context_id":"","msg":"Dynamic log level switching not available"} (STDOUT, APP/PROC/WEB)#
#2026 04 22 09:57:22.432#Z#DEBUG#59cafa26-3e31-11f1-8b07-eeee0a9d4f34.employee-crud-app#flowable-async-job-executor-thread-1244#
[PollStartAppStatusExecution] 02c3d957-fcd0-4a46-8a6d-de1b4f042365 [2026-04-22T09:57:12.139922] {"written_at":"2026-04-22T09:57:12.139Z","written_ts":1776851832139000000,"csn_component":"-","correlation_id":"mo9vpc97","type":"log","logger":"nodejs-logger","layer":"/approuter","level":"info","container_id":"10.32.1.5","component_type":"application","component_id":"02c3d957-fcd0-4a46-8a6d-de1b4f042365","component_name":"employee-crud-app","component_instance":-1,"source_instance":-1,"organization_id":"6d25488f-8b80-4324-96aa-6ef1d1540765","organization_name":"d81307d4trial","space_id":"0db2cbad-1f3e-431f-b895-44d3b936a3af","space_name":"dev","context_id":"mo9vpc97","msg":"Application router version 10.15.4"} (STDOUT, APP/PROC/WEB)#
#2026 04 22 09:57:22.432#Z#DEBUG#59cafa26-3e31-11f1-8b07-eeee0a9d4f34.employee-crud-app#flowable-async-job-executor-thread-1244#
[PollStartAppStatusExecution] 02c3d957-fcd0-4a46-8a6d-de1b4f042365 [2026-04-22T09:57:12.144778] {"written_at":"2026-04-22T09:57:12.144Z","written_ts":1776851832144000000,"csn_component":"-","correlation_id":"mo9vpc9c","type":"log","logger":"nodejs-logger","layer":"/Configuration","level":"info","container_id":"10.32.1.5","component_type":"application","component_id":"02c3d957-fcd0-4a46-8a6d-de1b4f042365","component_name":"employee-crud-app","component_instance":-1,"source_instance":-1,"organization_id":"6d25488f-8b80-4324-96aa-6ef1d1540765","organization_name":"d81307d4trial","space_id":"0db2cbad-1f3e-431f-b895-44d3b936a3af","space_name":"dev","context_id":"mo9vpc9c","msg":"No COOKIES environment variable"} (STDOUT, APP/PROC/WEB)#
#2026 04 22 09:57:22.432#Z#DEBUG#59cafa26-3e31-11f1-8b07-eeee0a9d4f34.employee-crud-app#flowable-async-job-executor-thread-1244#
[PollStartAppStatusExecution] 02c3d957-fcd0-4a46-8a6d-de1b4f042365 [2026-04-22T09:57:12.149726] {"written_at":"2026-04-22T09:57:12.149Z","written_ts":1776851832149000000,"csn_component":"-","correlation_id":"mo9vpc9h","type":"log","logger":"nodejs-logger","layer":"/Configuration","level":"info","container_id":"10.32.1.5","component_type":"application","component_id":"02c3d957-fcd0-4a46-8a6d-de1b4f042365","component_name":"employee-crud-app","component_instance":-1,"source_instance":-1,"organization_id":"6d25488f-8b80-4324-96aa-6ef1d1540765","organization_name":"d81307d4trial","space_id":"0db2cbad-1f3e-431f-b895-44d3b936a3af","space_name":"dev","context_id":"mo9vpc9h","msg":"xs-app.json: Application does not have directory for static resources!"} (STDOUT, APP/PROC/WEB)#
#2026 04 22 09:57:22.432#Z#DEBUG#59cafa26-3e31-11f1-8b07-eeee0a9d4f34.employee-crud-app#flowable-async-job-executor-thread-1244#
[PollStartAppStatusExecution] 02c3d957-fcd0-4a46-8a6d-de1b4f042365 [2026-04-22T09:57:12.196338] (node:226) [DEP0060] DeprecationWarning: The `util._extend` API is deprecated. Please use Object.assign() instead. (STDERR, APP/PROC/WEB)#
#2026 04 22 09:57:22.432#Z#DEBUG#59cafa26-3e31-11f1-8b07-eeee0a9d4f34.employee-crud-app#flowable-async-job-executor-thread-1244#
[PollStartAppStatusExecution] 02c3d957-fcd0-4a46-8a6d-de1b4f042365 [2026-04-22T09:57:12.196351] (Use `node --trace-deprecation ...` to show where the warning was created) (STDERR, APP/PROC/WEB)#
#2026 04 22 09:57:22.432#Z#DEBUG#59cafa26-3e31-11f1-8b07-eeee0a9d4f34.employee-crud-app#flowable-async-job-executor-thread-1244#
[PollStartAppStatusExecution] 02c3d957-fcd0-4a46-8a6d-de1b4f042365 [2026-04-22T09:57:12.204128] {"written_at":"2026-04-22T09:57:12.203Z","written_ts":1776851832203000000,"csn_component":"-","correlation_id":"mo9vpc97","type":"log","logger":"nodejs-logger","layer":"/approuter","level":"info","container_id":"10.32.1.5","component_type":"application","component_id":"02c3d957-fcd0-4a46-8a6d-de1b4f042365","component_name":"employee-crud-app","component_instance":-1,"source_instance":-1,"organization_id":"6d25488f-8b80-4324-96aa-6ef1d1540765","organization_name":"d81307d4trial","space_id":"0db2cbad-1f3e-431f-b895-44d3b936a3af","space_name":"dev","context_id":"mo9vpc97","msg":"Application router is listening on port: 8080"} (STDOUT, APP/PROC/WEB)#
#2026 04 22 09:57:22.432#Z#DEBUG#59cafa26-3e31-11f1-8b07-eeee0a9d4f34.employee-crud-app#flowable-async-job-executor-thread-1244#
[PollStartAppStatusExecution] 02c3d957-fcd0-4a46-8a6d-de1b4f042365 [2026-04-22T09:57:14.544376] Container became healthy (STDOUT, CELL)#
#2026 04 22 09:57:22.432#Z#DEBUG#59cafa26-3e31-11f1-8b07-eeee0a9d4f34.employee-crud-app#flowable-async-job-executor-thread-1244#
[PollStartAppStatusExecution] 02c3d957-fcd0-4a46-8a6d-de1b4f042365 [2026-04-22T09:57:14.585309] Process became ready with guid 02c3d957-fcd0-4a46-8a6d-de1b4f042365 payload: {"instance"=>"fb3d22fa-eb1c-425c-71fe-327a", "index"=>0, "cell_id"=>"1ea14514-f0fe-461c-9aa9-a53bbe093b00", "ready"=>true, "version"=>"f5394a55-2508-48a7-993a-2928d3c89b8a"} (STDOUT, API)#
